<?xml version="1.0" encoding="UTF-8" standalone="yes"?><!DOCTYPE report PUBLIC "-//JACOCO//DTD Report 1.1//EN" "report.dtd"><report name="TourGuide"><sessioninfo id="Kévin-PC-c98f071f" start="1631283619229" dump="1631283619963"/><sessioninfo id="Kévin-PC-c4e377e0" start="1631283676424" dump="1631283677209"/><sessioninfo id="Kévin-PC-b4b3fb6c" start="1631285069125" dump="1631285069870"/><sessioninfo id="Kévin-PC-b8e8d758" start="1631285237720" dump="1631285238434"/><sessioninfo id="Kévin-PC-b1fc274f" start="1631285280554" dump="1631285281333"/><sessioninfo id="Kévin-PC-454740ab" start="1631285425415" dump="1631285426152"/><sessioninfo id="Kévin-PC-6b4fbb24" start="1631285547984" dump="1631285548832"/><sessioninfo id="Kévin-PC-86138f50" start="1631286201865" dump="1631286202716"/><sessioninfo id="Kévin-PC-9b4de115" start="1631286598112" dump="1631286598869"/><sessioninfo id="Kévin-PC-e66c8289" start="1631287271905" dump="1631287272758"/><sessioninfo id="Kévin-PC-5627a306" start="1631287421754" dump="1631287422484"/><sessioninfo id="Kévin-PC-4a1a9f6e" start="1631287476481" dump="1631287477211"/><sessioninfo id="Kévin-PC-f86436b" start="1631287605959" dump="1631287606707"/><sessioninfo id="Kévin-PC-68ad6e46" start="1631287949339" dump="1631287950080"/><sessioninfo id="Kévin-PC-6fe889f" start="1631288002822" dump="1631288003550"/><sessioninfo id="Kévin-PC-8df20af5" start="1631288134455" dump="1631288135185"/><sessioninfo id="Kévin-PC-326e7bbb" start="1631288194694" dump="1631288195431"/><sessioninfo id="Kévin-PC-c30d8ea8" start="1631288294368" dump="1631288295144"/><sessioninfo id="Kévin-PC-f55dbc3a" start="1631288445801" dump="1631288446531"/><sessioninfo id="Kévin-PC-fbf79e95" start="1631288527122" dump="1631288527908"/><sessioninfo id="Kévin-PC-8c583f92" start="1631288674757" dump="1631288675581"/><sessioninfo id="Kévin-PC-4dc7eca2" start="1631288761560" dump="1631288762376"/><sessioninfo id="Kévin-PC-4c05f313" start="1631289151349" dump="1631289152120"/><sessioninfo id="Kévin-PC-b2ac6910" start="1631289161735" dump="1631289162476"/><sessioninfo id="Kévin-PC-efbbe013" start="1631289537753" dump="1631289538504"/><sessioninfo id="Kévin-PC-4a16db76" start="1631872723209" dump="1631872724014"/><sessioninfo id="Kévin-PC-3af61eee" start="1632464704625" dump="1632464705505"/><sessioninfo id="Kévin-PC-f4a07f18" start="1632466628471" dump="1632466629115"/><sessioninfo id="Kévin-PC-412fddf8" start="1632466785072" dump="1632466785685"/><sessioninfo id="Kévin-PC-dc5501e9" start="1632466804128" dump="1632466804877"/><sessioninfo id="Kévin-PC-8027e290" start="1632467011379" dump="1632467012097"/><sessioninfo id="Kévin-PC-de03b422" start="1632467617193" dump="1632467617945"/><sessioninfo id="Kévin-PC-37371711" start="1632467686388" dump="1632467687114"/><sessioninfo id="Kévin-PC-858695ea" start="1632467712254" dump="1632467713044"/><sessioninfo id="Kévin-PC-b3681c6c" start="1632467855883" dump="1632467856630"/><sessioninfo id="Kévin-PC-21ee771e" start="1632468864263" dump="1632468865010"/><sessioninfo id="Kévin-PC-c1226b24" start="1632469091524" dump="1632469092276"/><sessioninfo id="Kévin-PC-f07cfd1" start="1632469168693" dump="1632469169429"/><sessioninfo id="Kévin-PC-8a3289d3" start="1632469304737" dump="1632469305520"/><sessioninfo id="Kévin-PC-830ab0e4" start="1632469458444" dump="1632469459260"/><sessioninfo id="Kévin-PC-9e123e2" start="1632470010907" dump="1632470011687"/><sessioninfo id="Kévin-PC-e1acc50f" start="1632471004810" dump="1632471005555"/><sessioninfo id="Kévin-PC-b13fc65d" start="1632471648025" dump="1632471648780"/><sessioninfo id="Kévin-PC-bedb8935" start="1632472163335" dump="1632472164070"/><sessioninfo id="Kévin-PC-fc469e53" start="1632472643180" dump="1632472643978"/><sessioninfo id="Kévin-PC-e59a4eeb" start="1632472813604" dump="1632472814344"/><sessioninfo id="Kévin-PC-91c10226" start="1632473327483" dump="1632473328221"/><sessioninfo id="Kévin-PC-dcf23f8e" start="1632474117061" dump="1632474117793"/><sessioninfo id="Kévin-PC-3607a0c0" start="1632474249294" dump="1632474250059"/><sessioninfo id="Kévin-PC-4e701807" start="1632474408534" dump="1632474409275"/><sessioninfo id="Kévin-PC-3c1b1dca" start="1632474539378" dump="1632474540140"/><sessioninfo id="Kévin-PC-fb6b4bf9" start="1632474643948" dump="1632474644685"/><sessioninfo id="Kévin-PC-705fb5ce" start="1632475006863" dump="1632475007621"/><sessioninfo id="Kévin-PC-437d8a97" start="1632475284909" dump="1632475285639"/><sessioninfo id="Kévin-PC-24cd251c" start="1632475927738" dump="1632475928534"/><sessioninfo id="Kévin-PC-74b9bdb3" start="1632476046284" dump="1632476047031"/><sessioninfo id="Kévin-PC-a3b5ddd" start="1632476277633" dump="1632476278369"/><sessioninfo id="Kévin-PC-b7429526" start="1632476452337" dump="1632476453083"/><sessioninfo id="Kévin-PC-185bbb90" start="1632476810300" dump="1632476811031"/><sessioninfo id="Kévin-PC-a9554001" start="1632477126286" dump="1632477127045"/><sessioninfo id="Kévin-PC-40cde495" start="1632477467209" dump="1632477467971"/><sessioninfo id="Kévin-PC-c9233f4c" start="1632478013274" dump="1632478014019"/><sessioninfo id="Kévin-PC-db46897f" start="1633070668796" dump="1633070669735"/><sessioninfo id="Kévin-PC-22b5c509" start="1633071304834" dump="1633071305618"/><sessioninfo id="Kévin-PC-381e3fb1" start="1633352887491" dump="1633352888084"/><sessioninfo id="Kévin-PC-cad9da53" start="1633353042929" dump="1633353044072"/><sessioninfo id="Kévin-PC-a035e212" start="1633353154993" dump="1633353156058"/><sessioninfo id="Kévin-PC-1568d339" start="1633353306655" dump="1633353307778"/><sessioninfo id="Kévin-PC-69b6fce8" start="1633353312408" dump="1633353359707"/><sessioninfo id="Kévin-PC-d34ec18" start="1633353370399" dump="1633353403061"/><sessioninfo id="Kévin-PC-732b808a" start="1633353514193" dump="1633353515273"/><sessioninfo id="Kévin-PC-ba4cfd67" start="1633353556861" dump="1633353557600"/><sessioninfo id="Kévin-PC-365e1103" start="1633353807216" dump="1633353807865"/><sessioninfo id="Kévin-PC-f6ea9766" start="1633355040378" dump="1633355041057"/><sessioninfo id="Kévin-PC-184e5c0a" start="1633355050017" dump="1633355054786"/><sessioninfo id="Kévin-PC-f994770b" start="1633355475269" dump="1633355476126"/><sessioninfo id="Kévin-PC-9c838816" start="1633355631878" dump="1633355632701"/><sessioninfo id="Kévin-PC-9df436fb" start="1633355931078" dump="1633355940543"/><sessioninfo id="Kévin-PC-acfcac7b" start="1633355972869" dump="1633355977871"/><sessioninfo id="Kévin-PC-275c068" start="1633355981026" dump="1633355991103"/><sessioninfo id="Kévin-PC-67be4b0b" start="1633356061198" dump="1633356066170"/><sessioninfo id="Kévin-PC-66ace980" start="1633356287331" dump="1633356298377"/><sessioninfo id="Kévin-PC-c84f5c35" start="1633356302433" dump="1633356360480"/><sessioninfo id="Kévin-PC-bd79978a" start="1633356925352" dump="1633357010452"/><sessioninfo id="Kévin-PC-fd00984b" start="1633357049279" dump="1633357055568"/><sessioninfo id="Kévin-PC-238d10de" start="1633357060882" dump="1633357061923"/><sessioninfo id="Kévin-PC-a24a93bc" start="1633357307617" dump="1633357308734"/><sessioninfo id="Kévin-PC-d23d52fe" start="1633357426212" dump="1633357433445"/><sessioninfo id="Kévin-PC-55bad636" start="1633357483646" dump="1633357484876"/><sessioninfo id="Kévin-PC-fabf1973" start="1633357562160" dump="1633357563405"/><sessioninfo id="Kévin-PC-d52ee52e" start="1633357648574" dump="1633357649699"/><sessioninfo id="Kévin-PC-19e65538" start="1633357667820" dump="1633357668954"/><sessioninfo id="Kévin-PC-458dfea3" start="1633357725215" dump="1633357742258"/><sessioninfo id="Kévin-PC-a8c2f561" start="1633357786339" dump="1633357787634"/><sessioninfo id="Kévin-PC-8ca66d7e" start="1633357858418" dump="1633357859144"/><sessioninfo id="Kévin-PC-e9ef779b" start="1633358724947" dump="1633358726297"/><sessioninfo id="Kévin-PC-f7db064d" start="1633358798326" dump="1633358799504"/><sessioninfo id="Kévin-PC-30f45602" start="1633358809371" dump="1633358810541"/><sessioninfo id="Kévin-PC-d78035e8" start="1633358817896" dump="1633358819073"/><sessioninfo id="Kévin-PC-5ff5d5b3" start="1633358849987" dump="1633358850763"/><sessioninfo id="Kévin-PC-31d1e5da" start="1633359186298" dump="1633359187128"/><sessioninfo id="Kévin-PC-da84770f" start="1633360639189" dump="1633360639975"/><sessioninfo id="Kévin-PC-7c493de7" start="1633360670901" dump="1633360671798"/><sessioninfo id="Kévin-PC-11e77ce6" start="1633360682492" dump="1633360753970"/><sessioninfo id="Kévin-PC-c03b3e02" start="1633360777232" dump="1633360978063"/><sessioninfo id="Kévin-PC-ff123127" start="1633361062886" dump="1633361214166"/><sessioninfo id="Kévin-PC-8ca3701e" start="1633361279673" dump="1633361292386"/><sessioninfo id="Kévin-PC-724d79e" start="1633361342681" dump="1633361343480"/><sessioninfo id="Kévin-PC-f095a28b" start="1633361473359" dump="1633361474124"/><sessioninfo id="Kévin-PC-dd72e1cb" start="1633361477887" dump="1633361478746"/><sessioninfo id="Kévin-PC-6d6a33b4" start="1633361491360" dump="1633361492143"/><sessioninfo id="Kévin-PC-75b2115e" start="1633361535084" dump="1633361535907"/><sessioninfo id="Kévin-PC-e29ad0b5" start="1633361951295" dump="1633361959212"/><sessioninfo id="Kévin-PC-26c1184c" start="1633361973198" dump="1633361973978"/><sessioninfo id="Kévin-PC-40071f7d" start="1633362040234" dump="1633362049217"/><sessioninfo id="Kévin-PC-8faa4fbf" start="1633362060686" dump="1633362066328"/><sessioninfo id="Kévin-PC-a1e3d68e" start="1633362104313" dump="1633362109225"/><sessioninfo id="Kévin-PC-8c55b90c" start="1633362148903" dump="1633362155489"/><sessioninfo id="Kévin-PC-ea75588" start="1633362187023" dump="1633362192465"/><sessioninfo id="Kévin-PC-a5c8bfe7" start="1633362720056" dump="1633362720824"/><sessioninfo id="Kévin-PC-2ea5c2dc" start="1633362818417" dump="1633362819151"/><sessioninfo id="Kévin-PC-41a67e46" start="1633362863882" dump="1633362864633"/><sessioninfo id="Kévin-PC-cccd67e5" start="1633362912258" dump="1633362912991"/><sessioninfo id="Kévin-PC-327fb6eb" start="1633363030400" dump="1633363031240"/><sessioninfo id="Kévin-PC-fd598977" start="1633363165800" dump="1633363166543"/><sessioninfo id="Kévin-PC-595ce580" start="1633363249107" dump="1633363249924"/><sessioninfo id="Kévin-PC-915bc2a9" start="1633363278835" dump="1633363279670"/><sessioninfo id="Kévin-PC-f8cf324f" start="1633363312108" dump="1633363312931"/><sessioninfo id="Kévin-PC-bab847e6" start="1633363346262" dump="1633363347041"/><sessioninfo id="Kévin-PC-5f6edd89" start="1633363379696" dump="1633363380524"/><sessioninfo id="Kévin-PC-afbd3ac1" start="1633363650493" dump="1633363651314"/><sessioninfo id="Kévin-PC-e69917c2" start="1633363667683" dump="1633363668542"/><sessioninfo id="Kévin-PC-d9e5493" start="1633363706476" dump="1633363762389"/><sessioninfo id="Kévin-PC-1766333f" start="1633363786752" dump="1633363787525"/><sessioninfo id="Kévin-PC-97777401" start="1633363860055" dump="1633363860825"/><sessioninfo id="Kévin-PC-99216024" start="1633363974690" dump="1633363975451"/><sessioninfo id="Kévin-PC-7508a452" start="1633364066253" dump="1633364066978"/><sessioninfo id="Kévin-PC-713d1da0" start="1633364319960" dump="1633364320710"/><sessioninfo id="Kévin-PC-3b154474" start="1633364492766" dump="1633364493503"/><sessioninfo id="Kévin-PC-626c5d6f" start="1633368126702" dump="1633368127464"/><sessioninfo id="Kévin-PC-8eb4cb3a" start="1633368669908" dump="1633368670683"/><sessioninfo id="Kévin-PC-4dd227f8" start="1633368775006" dump="1633368775809"/><sessioninfo id="Kévin-PC-925a4dbe" start="1633369129361" dump="1633369130162"/><sessioninfo id="Kévin-PC-96225320" start="1633369180425" dump="1633369181179"/><sessioninfo id="Kévin-PC-2904cc93" start="1633369206719" dump="1633369207485"/><sessioninfo id="Kévin-PC-c0377076" start="1633369345009" dump="1633369345785"/><sessioninfo id="Kévin-PC-a68ceafd" start="1633369356868" dump="1633369357749"/><sessioninfo id="Kévin-PC-e0313deb" start="1633674253398" dump="1633674254244"/><sessioninfo id="Kévin-PC-bf642fb4" start="1633674706291" dump="1633674707084"/><sessioninfo id="Kévin-PC-381d00a5" start="1633675182517" dump="1633675183340"/><sessioninfo id="Kévin-PC-5f6b6ffb" start="1633675219669" dump="1633675220505"/><sessioninfo id="Kévin-PC-ff075db7" start="1633675238331" dump="1633675239138"/><sessioninfo id="Kévin-PC-deec80e6" start="1633675319727" dump="1633675320592"/><sessioninfo id="Kévin-PC-64d44b57" start="1633675355856" dump="1633675356723"/><sessioninfo id="Kévin-PC-d9abcf32" start="1633675548983" dump="1633675578826"/><sessioninfo id="Kévin-PC-ca624d68" start="1633676020655" dump="1633676023107"/><sessioninfo id="Kévin-PC-2becef7a" start="1633676122421" dump="1633676125203"/><sessioninfo id="Kévin-PC-b1204f21" start="1633676142994" dump="1633676145576"/><sessioninfo id="Kévin-PC-ce5ddffb" start="1633676169728" dump="1633676171940"/><sessioninfo id="Kévin-PC-4d2a0f45" start="1633676178523" dump="1633676184715"/><sessioninfo id="Kévin-PC-4f1dd1ea" start="1633676195740" dump="1633676206418"/><sessioninfo id="Kévin-PC-4b25cc2" start="1633676279855" dump="1633676287357"/><sessioninfo id="Kévin-PC-6d61aa9e" start="1633676319789" dump="1633676326249"/><sessioninfo id="Kévin-PC-6c016c98" start="1633676409134" dump="1633676417022"/><sessioninfo id="Kévin-PC-ea958e38" start="1633678583278" dump="1633678615423"/><sessioninfo id="Kévin-PC-fc60e164" start="1633679341685" dump="1633679342365"/><sessioninfo id="Kévin-PC-2b800d40" start="1633680333470" dump="1633680337317"/><sessioninfo id="Kévin-PC-555e7b34" start="1633680380077" dump="1633680383750"/><sessioninfo id="Kévin-PC-86c27a94" start="1633680444389" dump="1633680448151"/><sessioninfo id="Kévin-PC-d8dece1d" start="1633680452981" dump="1633680456719"/><sessioninfo id="Kévin-PC-a87b202c" start="1633680558490" dump="1633680576013"/><sessioninfo id="Kévin-PC-39cde496" start="1633680645738" dump="1633680651037"/><sessioninfo id="Kévin-PC-3dffc6f5" start="1633680706844" dump="1633680712034"/><sessioninfo id="Kévin-PC-8cef1546" start="1633680810953" dump="1633680811781"/><sessioninfo id="Kévin-PC-d21c793d" start="1633680826216" dump="1633680827502"/><sessioninfo id="Kévin-PC-58b9e7ed" start="1633680844035" dump="1633680849247"/><sessioninfo id="Kévin-PC-49dc45af" start="1633682162772" dump="1633682167549"/><sessioninfo id="Kévin-PC-bb5750fc" start="1633682217563" dump="1633682248665"/><sessioninfo id="Kévin-PC-fd577ee9" start="1633682340318" dump="1633682345747"/><sessioninfo id="Kévin-PC-113aa0e0" start="1633682762859" dump="1633682767281"/><sessioninfo id="Kévin-PC-f27cf486" start="1633682989975" dump="1633682994639"/><sessioninfo id="Kévin-PC-8ac37989" start="1633683006845" dump="1633683012002"/><sessioninfo id="Kévin-PC-644f99ac" start="1633684878419" dump="1633686195539"/><sessioninfo id="Kévin-PC-3fd1a01" start="1633687223673" dump="1633687224835"/><sessioninfo id="Kévin-PC-e9bec7f2" start="1633687435628" dump="1633687568244"/><sessioninfo id="Kévin-PC-7c547333" start="1633687615181" dump="1633687757179"/><sessioninfo id="Kévin-PC-fb1ae5e8" start="1633688212601" dump="1633688353410"/><sessioninfo id="Kévin-PC-174631b" start="1633689205798" dump="1633689225494"/><sessioninfo id="Kévin-PC-a9092a85" start="1633689418868" dump="1633689439299"/><sessioninfo id="Kévin-PC-26c0166e" start="1633689811189" dump="1633689845043"/><sessioninfo id="Kévin-PC-bbee458a" start="1633690118686" dump="1633690136052"/><sessioninfo id="Kévin-PC-d1aabc3f" start="1633690723131" dump="1633690728218"/><sessioninfo id="Kévin-PC-ed2f8b61" start="1633690765492" dump="1633690770511"/><sessioninfo id="Kévin-PC-e601822b" start="1633690808705" dump="1633690813828"/><sessioninfo id="Kévin-PC-7e366067" start="1633690864101" dump="1633690869548"/><sessioninfo id="Kévin-PC-25cee17c" start="1633691019610" dump="1633691024640"/><sessioninfo id="Kévin-PC-74de98e3" start="1633691049543" dump="1633691054824"/><sessioninfo id="Kévin-PC-95f6b166" start="1633691070541" dump="1633691089139"/><sessioninfo id="Kévin-PC-7bb52723" start="1633691304895" dump="1633691324417"/><sessioninfo id="Kévin-PC-3f376cc5" start="1633691444684" dump="1633691462765"/><sessioninfo id="Kévin-PC-fc298d51" start="1633691710778" dump="1633691727501"/><sessioninfo id="Kévin-PC-ffefa4e1" start="1633692346671" dump="1633692366360"/><sessioninfo id="Kévin-PC-bcf5366b" start="1633692482157" dump="1633692502161"/><sessioninfo id="Kévin-PC-dd917edb" start="1633692530116" dump="1633692550307"/><sessioninfo id="Kévin-PC-711e3f61" start="1633692587038" dump="1633692604750"/><sessioninfo id="Kévin-PC-50f386d5" start="1633692746165" dump="1633692764895"/><sessioninfo id="Kévin-PC-9de98c25" start="1633692796205" dump="1633692813964"/><sessioninfo id="Kévin-PC-787040f6" start="1633692889401" dump="1633692908284"/><sessioninfo id="Kévin-PC-bdcfec3b" start="1633693025984" dump="1633693044188"/><sessioninfo id="Kévin-PC-9cb19764" start="1633693128225" dump="1633693145788"/><sessioninfo id="Kévin-PC-f22f0e1c" start="1633693281652" dump="1633693300982"/><sessioninfo id="Kévin-PC-1413b4fc" start="1633693417419" dump="1633693437825"/><sessioninfo id="Kévin-PC-b41d8972" start="1633693561301" dump="1633693566675"/><sessioninfo id="Kévin-PC-32630240" start="1633693778450" dump="1633693783723"/><sessioninfo id="Kévin-PC-9276effd" start="1633693860168" dump="1633693865445"/><sessioninfo id="Kévin-PC-5c945a5f" start="1633693883900" dump="1633693889029"/><sessioninfo id="Kévin-PC-449b90a2" start="1633693916791" dump="1633693922138"/><sessioninfo id="Kévin-PC-c440bc24" start="1633694093966" dump="1633694099275"/><sessioninfo id="Kévin-PC-4643ba3a" start="1633694180813" dump="1633694194261"/><sessioninfo id="Kévin-PC-319c422" start="1633694287800" dump="1633694292900"/><sessioninfo id="Kévin-PC-d0864fb8" start="1633694411755" dump="1633694426362"/><sessioninfo id="Kévin-PC-b197ed3" start="1633694449506" dump="1633694473174"/><sessioninfo id="Kévin-PC-9038fd29" start="1633694563313" dump="1633694586394"/><sessioninfo id="Kévin-PC-30cbb929" start="1633694614251" dump="1633694627184"/><sessioninfo id="Kévin-PC-e2f8e2f" start="1633695028389" dump="1633695113519"/><sessioninfo id="Kévin-PC-9709804d" start="1633695137802" dump="1633695223578"/><sessioninfo id="Kévin-PC-7ed6e5e8" start="1633695339475" dump="1633695424061"/><sessioninfo id="Kévin-PC-cdb748d8" start="1633695473501" dump="1633695559570"/><sessioninfo id="Kévin-PC-ba69c1f9" start="1633695580905" dump="1633695666045"/><sessioninfo id="Kévin-PC-1ea3735b" start="1633696424507" dump="1633696510061"/><sessioninfo id="Kévin-PC-b6072903" start="1633696564019" dump="1633696578363"/><sessioninfo id="Kévin-PC-60dd2e1d" start="1633696602649" dump="1633696637530"/><sessioninfo id="Kévin-PC-5f41c30a" start="1633696691944" dump="1633696715916"/><sessioninfo id="Kévin-PC-9da256f5" start="1633696726564" dump="1633696751709"/><sessioninfo id="Kévin-PC-74690787" start="1633696771654" dump="1633696802675"/><sessioninfo id="Kévin-PC-9ddca05d" start="1633696828807" dump="1633696894938"/><sessioninfo id="Kévin-PC-4068311d" start="1633696967854" dump="1633697044565"/><sessioninfo id="Kévin-PC-6b8e5bc0" start="1633697085598" dump="1633697149675"/><sessioninfo id="Kévin-PC-ac188284" start="1633697943328" dump="1633698016451"/><sessioninfo id="Kévin-PC-fc58fca5" start="1633698089576" dump="1633698196499"/><sessioninfo id="Kévin-PC-d364788b" start="1633698426497" dump="1633698501540"/><sessioninfo id="Kévin-PC-170d34f4" start="1633698551984" dump="1633698565568"/><sessioninfo id="Kévin-PC-58bb830e" start="1633698569106" dump="1633698582913"/><sessioninfo id="Kévin-PC-cfb9d105" start="1633698587691" dump="1633698601227"/><sessioninfo id="Kévin-PC-7316c960" start="1633698607463" dump="1633698620956"/><sessioninfo id="Kévin-PC-c610989b" start="1633698672549" dump="1633698686287"/><sessioninfo id="Kévin-PC-d1214bc2" start="1633698694662" dump="1633698708606"/><sessioninfo id="Kévin-PC-7d314b37" start="1633698863484" dump="1633698877165"/><sessioninfo id="Kévin-PC-4753fb09" start="1633698891880" dump="1633698905999"/><sessioninfo id="Kévin-PC-d97b002e" start="1633698914500" dump="1633698928068"/><sessioninfo id="Kévin-PC-22f06638" start="1633698931794" dump="1633698945197"/><sessioninfo id="Kévin-PC-cb814bd3" start="1633698952070" dump="1633698965632"/><sessioninfo id="Kévin-PC-738c1a15" start="1633698979293" dump="1633698992820"/><sessioninfo id="Kévin-PC-d51ce87b" start="1633699037873" dump="1633699051161"/><sessioninfo id="Kévin-PC-c808bef4" start="1633699192325" dump="1633699206338"/><sessioninfo id="Kévin-PC-fb6e75d6" start="1633699212308" dump="1633699226114"/><sessioninfo id="Kévin-PC-feb27d0f" start="1633699301192" dump="1633699314803"/><sessioninfo id="Kévin-PC-4bc5dfa4" start="1633699491871" dump="1633699505768"/><sessioninfo id="Kévin-PC-66c9d7b4" start="1633699581781" dump="1633699666616"/><sessioninfo id="Kévin-PC-c0ae287b" start="1633699752718" dump="1633699757951"/><sessioninfo id="Kévin-PC-98b074e8" start="1633699987443" dump="1633700052843"/><sessioninfo id="Kévin-PC-302cc7f0" start="1633701101708" dump="1633701110415"/><sessioninfo id="Kévin-PC-daa72a3f" start="1633701166126" dump="1633701170932"/><sessioninfo id="Kévin-PC-a9c5ff68" start="1633701472567" dump="1633701477318"/><sessioninfo id="Kévin-PC-eaa540d7" start="1633701481134" dump="1633701485848"/><sessioninfo id="Kévin-PC-50e47ba6" start="1633701498543" dump="1633701503070"/><sessioninfo id="Kévin-PC-40c58647" start="1633701523444" dump="1633701524683"/><sessioninfo id="Kévin-PC-5206fa67" start="1633701554747" dump="1633701559356"/><sessioninfo id="Kévin-PC-fd8a9de7" start="1633701591400" dump="1633701592617"/><sessioninfo id="Kévin-PC-62fd9fb4" start="1633702361522" dump="1633702446788"/><sessioninfo id="Kévin-PC-596a5382" start="1633702554584" dump="1633702567078"/><sessioninfo id="Kévin-PC-1041fae4" start="1633702784283" dump="1633702796990"/><sessioninfo id="Kévin-PC-d0618b05" start="1633710610650" dump="1633710630029"/><sessioninfo id="Kévin-PC-ab510c97" start="1633710709365" dump="1633710794407"/><sessioninfo id="Kévin-PC-98951283" start="1634290636291" dump="1634290722009"/><sessioninfo id="Kévin-PC-cadaa3c8" start="1634290779124" dump="1634290784471"/><sessioninfo id="Kévin-PC-66f6d2d3" start="1634290836917" dump="1634290842038"/><sessioninfo id="Kévin-PC-10956f58" start="1634290871257" dump="1634290876571"/><sessioninfo id="Kévin-PC-c8f6937b" start="1634290909291" dump="1634290914235"/><sessioninfo id="Kévin-PC-8e0eb26d" start="1634290960865" dump="1634290966252"/><sessioninfo id="Kévin-PC-89830f2e" start="1634291006471" dump="1634291011788"/><sessioninfo id="Kévin-PC-f95dec31" start="1634291022948" dump="1634291028107"/><sessioninfo id="Kévin-PC-c009ef7d" start="1634291108201" dump="1634291113687"/><sessioninfo id="Kévin-PC-18f6ecbf" start="1634291202917" dump="1634291208280"/><sessioninfo id="Kévin-PC-399701f0" start="1634291277789" dump="1634291337479"/><sessioninfo id="Kévin-PC-bbeb9d8a" start="1634291467053" dump="1634291501497"/><sessioninfo id="Kévin-PC-98e7eb60" start="1634291511772" dump="1634291598270"/><sessioninfo id="Kévin-PC-e137b027" start="1634291919484" dump="1634291942669"/><sessioninfo id="Kévin-PC-fc83a01e" start="1634292323487" dump="1634292369125"/><sessioninfo id="Kévin-PC-33abaea1" start="1634292538915" dump="1634292544096"/><sessioninfo id="Kévin-PC-178ec9b2" start="1634292875818" dump="1634292880914"/><sessioninfo id="Kévin-PC-ec067a18" start="1634292933504" dump="1634292938916"/><sessioninfo id="Kévin-PC-8c729054" start="1634292977322" dump="1634292982535"/><sessioninfo id="Kévin-PC-845efb1f" start="1634293164481" dump="1634293233277"/><sessioninfo id="Kévin-PC-15322c3b" start="1634293310307" dump="1634293335083"/><sessioninfo id="Kévin-PC-3f9389ff" start="1634294898624" dump="1634295002230"/><sessioninfo id="Kévin-PC-8dc1dc72" start="1634295715557" dump="1634295720733"/><sessioninfo id="Kévin-PC-5b52ca8e" start="1634295743337" dump="1634295748553"/><sessioninfo id="Kévin-PC-b52a383f" start="1634295844382" dump="1634295849464"/><sessioninfo id="Kévin-PC-cfc4e001" start="1634295875695" dump="1634295960134"/><sessioninfo id="Kévin-PC-f841724d" start="1634296092301" dump="1634296097526"/><sessioninfo id="Kévin-PC-2c8d6e60" start="1634296124141" dump="1634296129210"/><sessioninfo id="Kévin-PC-da29bcf7" start="1634296610483" dump="1634296615859"/><sessioninfo id="Kévin-PC-bde5f486" start="1634296792166" dump="1634296797525"/><sessioninfo id="Kévin-PC-d5a10d19" start="1634296870988" dump="1634296875572"/><sessioninfo id="Kévin-PC-b83cae7d" start="1634297640018" dump="1634297649420"/><sessioninfo id="Kévin-PC-fd570db2" start="1634297697249" dump="1634297710806"/><sessioninfo id="Kévin-PC-714d5752" start="1634297741271" dump="1634297748615"/><sessioninfo id="Kévin-PC-c7eac0b5" start="1634297780284" dump="1634297793516"/><sessioninfo id="Kévin-PC-7e4599b4" start="1634297808400" dump="1634298425766"/><sessioninfo id="Kévin-PC-ebc64fb5" start="1634305844684" dump="1634305858784"/><sessioninfo id="Kévin-PC-40052cbb" start="1634306772967" dump="1634306918598"/><sessioninfo id="Kévin-PC-3ee99656" start="1634306977852" dump="1634307099007"/><sessioninfo id="Kévin-PC-295325d3" start="1634307162415" dump="1634307273951"/><sessioninfo id="Kévin-PC-9b2a17e1" start="1634307494863" dump="1634307615205"/><sessioninfo id="Kévin-PC-f08df8c8" start="1634307648893" dump="1634307872399"/><sessioninfo id="Kévin-PC-8ef082d3" start="1634307881843" dump="1634308492508"/><sessioninfo id="Kévin-PC-35383eae" start="1634308640849" dump="1634309175133"/><sessioninfo id="Kévin-PC-1f57ee98" start="1634309202255" dump="1634309224754"/><sessioninfo id="Kévin-PC-45dfd776" start="1634309403101" dump="1634309426432"/><sessioninfo id="Kévin-PC-3583a846" start="1634309531730" dump="1634309564732"/><sessioninfo id="Kévin-PC-3a5571a1" start="1634309954341" dump="1634309992382"/><sessioninfo id="Kévin-PC-8a9478fb" start="1634310003644" dump="1634310015344"/><sessioninfo id="Kévin-PC-c07459f7" start="1634310021219" dump="1634310029359"/><sessioninfo id="Kévin-PC-c3c0cc17" start="1634310034152" dump="1634310042186"/><sessioninfo id="Kévin-PC-c6454595" start="1634310054450" dump="1634310062346"/><sessioninfo id="Kévin-PC-6b8f4043" start="1634310082466" dump="1634310089953"/><sessioninfo id="Kévin-PC-3455d960" start="1634310176411" dump="1634310185797"/><sessioninfo id="Kévin-PC-acf0a6b3" start="1634310258313" dump="1634310266326"/><sessioninfo id="Kévin-PC-b8e92f45" start="1634310296997" dump="1634310303924"/><sessioninfo id="Kévin-PC-e93d3dbf" start="1634310315452" dump="1634310323021"/><sessioninfo id="Kévin-PC-94e2c31b" start="1634310332798" dump="1634310341411"/><sessioninfo id="Kévin-PC-be979b79" start="1634310350368" dump="1634310359791"/><sessioninfo id="Kévin-PC-4e647aec" start="1634310387446" dump="1634310394374"/><sessioninfo id="Kévin-PC-5e081e34" start="1634310417047" dump="1634310424220"/><sessioninfo id="Kévin-PC-689fa048" start="1634310538192" dump="1634310546278"/><sessioninfo id="Kévin-PC-ba750958" start="1634310562038" dump="1634310570051"/><sessioninfo id="Kévin-PC-559493e9" start="1634310597528" dump="1634310604411"/><sessioninfo id="Kévin-PC-c607c6ca" start="1634310616392" dump="1634310623084"/><sessioninfo id="Kévin-PC-bd7b6ab" start="1634310630657" dump="1634310636942"/><sessioninfo id="Kévin-PC-a4e2af9d" start="1634310655906" dump="1634310662342"/><sessioninfo id="Kévin-PC-2197eccc" start="1634310678911" dump="1634310686191"/><sessioninfo id="Kévin-PC-69a17962" start="1634310772605" dump="1634310779711"/><sessioninfo id="Kévin-PC-d7056c51" start="1634311747564" dump="1634311755461"/><sessioninfo id="Kévin-PC-d6ef3c69" start="1634311770840" dump="1634311787894"/><sessioninfo id="Kévin-PC-a13b6f22" start="1634311930377" dump="1634311944756"/><sessioninfo id="Kévin-PC-202a26b1" start="1634311976713" dump="1634311993889"/><sessioninfo id="Kévin-PC-c237554b" start="1634312028467" dump="1634312035948"/><sessioninfo id="Kévin-PC-35499e17" start="1634312049137" dump="1634312055918"/><sessioninfo id="Kévin-PC-ad70e4e" start="1634312072531" dump="1634312079950"/><sessioninfo id="Kévin-PC-5032cb06" start="1634312255507" dump="1634312263300"/><sessioninfo id="Kévin-PC-33dc49cd" start="1634312268607" dump="1634312275986"/><sessioninfo id="Kévin-PC-7c5a40e9" start="1634312291259" dump="1634312299308"/><sessioninfo id="Kévin-PC-7f6415df" start="1634312346016" dump="1634312376858"/><sessioninfo id="Kévin-PC-2e63f7ad" start="1634312429281" dump="1634312445303"/><sessioninfo id="Kévin-PC-1ecc098e" start="1634312459283" dump="1634312472646"/><sessioninfo id="Kévin-PC-808c6220" start="1634312484509" dump="1634312493313"/><sessioninfo id="Kévin-PC-98ac7c32" start="1634312532562" dump="1634312550382"/><sessioninfo id="Kévin-PC-667ade7d" start="1634312941194" dump="1634312960325"/><sessioninfo id="Kévin-PC-e70cc341" start="1634312998691" dump="1634313040536"/><sessioninfo id="Kévin-PC-726d1a31" start="1634313143035" dump="1634313197037"/><sessioninfo id="Kévin-PC-6877b4e9" start="1634313287855" dump="1634313385757"/><sessioninfo id="Kévin-PC-dfab2fa7" start="1634313662385" dump="1634313780854"/><sessioninfo id="Kévin-PC-439a5a0f" start="1634313893798" dump="1634314093936"/><sessioninfo id="Kévin-PC-256e713e" start="1634314428989" dump="1634315500884"/><sessioninfo id="Kévin-PC-de87f88" start="1634315543665" dump="1634315815732"/><sessioninfo id="Kévin-PC-e2cb4de9" start="1634315851462" dump="1634316055031"/><sessioninfo id="Kévin-PC-ebbe518f" start="1634882638471" dump="1634882639600"/><sessioninfo id="Kévin-PC-f27ac8f9" start="1634882660502" dump="1634882665268"/><sessioninfo id="Kévin-PC-2725ce7d" start="1634883627518" dump="1634883632109"/><sessioninfo id="Kévin-PC-d9b6e48" start="1634884027035" dump="1634884091587"/><sessioninfo id="Kévin-PC-dd75b791" start="1634884151338" dump="1634884215870"/><sessioninfo id="Kévin-PC-7f0ee257" start="1634884329611" dump="1634884394225"/><sessioninfo id="Kévin-PC-3dee9499" start="1634884728565" dump="1634884777229"/><sessioninfo id="Kévin-PC-268d7d93" start="1634884836385" dump="1634884862393"/><sessioninfo id="Kévin-PC-535c8ded" start="1634884911451" dump="1634884932126"/><sessioninfo id="Kévin-PC-9d491aa" start="1634884953832" dump="1634885008502"/><sessioninfo id="Kévin-PC-e881025b" start="1634885233953" dump="1634885239306"/><sessioninfo id="Kévin-PC-322a8f8c" start="1634885677328" dump="1634885683631"/><sessioninfo id="Kévin-PC-d9f1ad40" start="1634885696559" dump="1634885702939"/><sessioninfo id="Kévin-PC-16c71f5a" start="1634885719992" dump="1634885730593"/><sessioninfo id="Kévin-PC-551de8b3" start="1634885764294" dump="1634885771209"/><sessioninfo id="Kévin-PC-b2e728ee" start="1634885810054" dump="1634885817811"/><sessioninfo id="Kévin-PC-9431027d" start="1634885907945" dump="1634885915806"/><sessioninfo id="Kévin-PC-28994536" start="1634886228076" dump="1634886235486"/><sessioninfo id="Kévin-PC-d5e9921f" start="1634886325756" dump="1634886332981"/><sessioninfo id="Kévin-PC-4990f51d" start="1634886399645" dump="1634886406141"/><sessioninfo id="Kévin-PC-fdbaafa5" start="1634886418017" dump="1634886424151"/><sessioninfo id="Kévin-PC-2e914349" start="1634886430287" dump="1634886436673"/><sessioninfo id="Kévin-PC-42842211" start="1634886470019" dump="1634886481448"/><sessioninfo id="Kévin-PC-9bd248c5" start="1634886518225" dump="1634886528593"/><sessioninfo id="Kévin-PC-8a5e6e6" start="1634886568205" dump="1634886578900"/><sessioninfo id="Kévin-PC-a242ae19" start="1634886744134" dump="1634886754856"/><sessioninfo id="Kévin-PC-b90dfd09" start="1634886782159" dump="1634886793358"/><sessioninfo id="Kévin-PC-846c340e" start="1634886854490" dump="1634886865615"/><sessioninfo id="Kévin-PC-ec16fe31" start="1634886975027" dump="1634886986056"/><sessioninfo id="Kévin-PC-317b27ac" start="1634887070061" dump="1634887081154"/><sessioninfo id="Kévin-PC-5a6a4960" start="1634887318968" dump="1634887330109"/><sessioninfo id="Kévin-PC-2f57d940" start="1634887473521" dump="1634887484053"/><sessioninfo id="Kévin-PC-ed578b0f" start="1634887545123" dump="1634887556054"/><sessioninfo id="Kévin-PC-836fe6e6" start="1634887634992" dump="1634887646675"/><sessioninfo id="Kévin-PC-f8520a15" start="1634887693667" dump="1634887699747"/><sessioninfo id="Kévin-PC-9328ee34" start="1634887706377" dump="1634887716710"/><sessioninfo id="Kévin-PC-83a6a330" start="1634887756716" dump="1634887763480"/><sessioninfo id="Kévin-PC-9accf81e" start="1634887771959" dump="1634887778082"/><sessioninfo id="Kévin-PC-18524cdd" start="1634887786568" dump="1634887793067"/><sessioninfo id="Kévin-PC-b400cd82" start="1634887814560" dump="1634887820921"/><sessioninfo id="Kévin-PC-4d909f1d" start="1634887827839" dump="1634887834998"/><sessioninfo id="Kévin-PC-ded4b576" start="1634887844645" dump="1634887852995"/><sessioninfo id="Kévin-PC-c023ae7f" start="1634888125817" dump="1634888134310"/><sessioninfo id="Kévin-PC-f2013238" start="1634888240970" dump="1634888251050"/><sessioninfo id="Kévin-PC-55642a98" start="1634888698465" dump="1634888708822"/><sessioninfo id="Kévin-PC-5a390161" start="1634888968624" dump="1634888980275"/><sessioninfo id="Kévin-PC-30743cd1" start="1634889090265" dump="1634889099609"/><sessioninfo id="Kévin-PC-43350c41" start="1634889208972" dump="1634889218888"/><sessioninfo id="Kévin-PC-c692c63e" start="1634889378392" dump="1634889389174"/><sessioninfo id="Kévin-PC-80310144" start="1634889678454" dump="1634889792905"/><sessioninfo id="Kévin-PC-a7d75fd1" start="1634890371128" dump="1634890381626"/><sessioninfo id="Kévin-PC-67114bc9" start="1634890386497" dump="1634890396704"/><sessioninfo id="Kévin-PC-2552e7a3" start="1634890787728" dump="1634890798209"/><sessioninfo id="Kévin-PC-86bba5b7" start="1634890913361" dump="1634890922782"/><sessioninfo id="Kévin-PC-c217d3ce" start="1634891609100" dump="1634891618984"/><sessioninfo id="Kévin-PC-f23e30b7" start="1634891743419" dump="1634891753779"/><sessioninfo id="Kévin-PC-3bf85caf" start="1634892056819" dump="1634892068493"/><sessioninfo id="Kévin-PC-61744ea" start="1634892385494" dump="1634892396416"/><sessioninfo id="Kévin-PC-b15ce4e5" start="1634892899322" dump="1634892910493"/><sessioninfo id="Kévin-PC-3e047ea4" start="1634893002177" dump="1634893013135"/><sessioninfo id="Kévin-PC-b2e69c06" start="1634893775893" dump="1634893786522"/><sessioninfo id="Kévin-PC-a9e6dfa0" start="1634893792823" dump="1634893802874"/><sessioninfo id="Kévin-PC-6f63cb10" start="1634893862073" dump="1634893873087"/><sessioninfo id="Kévin-PC-b908f006" start="1634893955282" dump="1634893966491"/><sessioninfo id="Kévin-PC-1a635af7" start="1634894015677" dump="1634894026803"/><sessioninfo id="Kévin-PC-533966d4" start="1634894613772" dump="1634894624702"/><sessioninfo id="Kévin-PC-7effc4f2" start="1634894645370" dump="1634894656082"/><sessioninfo id="Kévin-PC-1aa25ab1" start="1634894796854" dump="1634894807860"/><sessioninfo id="Kévin-PC-24cf3cad" start="1634894838637" dump="1634894849452"/><sessioninfo id="Kévin-PC-cb2e942f" start="1634894984670" dump="1634894996162"/><sessioninfo id="Kévin-PC-f59e611d" start="1634895020419" dump="1634895035911"/><sessioninfo id="Kévin-PC-f61cb0de" start="1634895376298" dump="1634895383252"/><sessioninfo id="Kévin-PC-8aa07c75" start="1634895395347" dump="1634895403813"/><sessioninfo id="Kévin-PC-12dabe58" start="1634895419661" dump="1634895428564"/><sessioninfo id="Kévin-PC-85ee5df5" start="1634896220592" dump="1634896225850"/><sessioninfo id="Kévin-PC-1762c0d2" start="1634896265011" dump="1634896270140"/><sessioninfo id="Kévin-PC-3b086f0e" start="1634896711894" dump="1634896780960"/><sessioninfo id="Kévin-PC-aea2d3fe" start="1634896843861" dump="1634896862163"/><sessioninfo id="Kévin-PC-95a4faa5" start="1634896864814" dump="1634896873087"/><sessioninfo id="Kévin-PC-1641e12f" start="1634896901162" dump="1634896906129"/><sessioninfo id="Kévin-PC-d2131182" start="1634896965472" dump="1634896970125"/><sessioninfo id="Kévin-PC-9581b99c" start="1634897064794" dump="1634897065560"/><sessioninfo id="Kévin-PC-613919bf" start="1634897119602" dump="1634897120352"/><sessioninfo id="Kévin-PC-a72ad8b2" start="1634897166154" dump="1634897170671"/><sessioninfo id="Kévin-PC-b71e892e" start="1634897176217" dump="1634897180624"/><sessioninfo id="Kévin-PC-a9ba5b81" start="1634897187153" dump="1634897191580"/><sessioninfo id="Kévin-PC-8210204" start="1634897197081" dump="1634897201738"/><sessioninfo id="Kévin-PC-4db9892d" start="1634897219548" dump="1634897224123"/><sessioninfo id="Kévin-PC-3d44b74c" start="1634897239801" dump="1634897240891"/><sessioninfo id="Kévin-PC-29c1a9fc" start="1634897259939" dump="1634897261009"/><sessioninfo id="Kévin-PC-1ea86c77" start="1634897286105" dump="1634897290495"/><sessioninfo id="Kévin-PC-ae231c4f" start="1634897316749" dump="1634897321179"/><sessioninfo id="Kévin-PC-5820b64b" start="1634897354531" dump="1634897359484"/><sessioninfo id="Kévin-PC-dbd2ff38" start="1634897497472" dump="1634897499837"/><sessioninfo id="Kévin-PC-5a9dcb79" start="1634898031767" dump="1634898032979"/><sessioninfo id="Kévin-PC-3cbd5b1" start="1634898112402" dump="1634898117848"/><sessioninfo id="Kévin-PC-d08f5ac0" start="1634898126307" dump="1634898136045"/><sessioninfo id="Kévin-PC-9ab62d70" start="1634898246706" dump="1634898256393"/><sessioninfo id="Kévin-PC-dbee8a0" start="1634898383688" dump="1634898389716"/><sessioninfo id="Kévin-PC-26280eb4" start="1634898856414" dump="1634898861914"/><sessioninfo id="Kévin-PC-84f98239" start="1634899201176" dump="1634899227077"/><sessioninfo id="Kévin-PC-caf1e77c" start="1634899766324" dump="1634899781850"/><sessioninfo id="Kévin-PC-76e078a3" start="1634900089334" dump="1634900103767"/><sessioninfo id="Kévin-PC-205aa1af" start="1634900114786" dump="1634900122171"/><sessioninfo id="Kévin-PC-2b11241b" start="1634900129534" dump="1634900136202"/><sessioninfo id="Kévin-PC-4dc96e4a" start="1634900143217" dump="1634900162299"/><sessioninfo id="Kévin-PC-8f35a913" start="1634900191389" dump="1634900289211"/><sessioninfo id="Kévin-PC-b41ad13b" start="1634900328803" dump="1634900426883"/><sessioninfo id="Kévin-PC-3dcd9903" start="1634900463183" dump="1634900543507"/><sessioninfo id="Kévin-PC-b265836e" start="1634900575893" dump="1634900705266"/><sessioninfo id="Kévin-PC-299a53dc" start="1634900754983" dump="1634902076831"/><sessioninfo id="Kévin-PC-bd225507" start="1634902799111" dump="1634902805604"/><sessioninfo id="Kévin-PC-c2ae31df" start="1634903401619" dump="1634903416353"/><sessioninfo id="Kévin-PC-9c2123a" start="1634904612902" dump="1634904627403"/><sessioninfo id="Kévin-PC-565144ec" start="1634904778923" dump="1634904797779"/><sessioninfo id="Kévin-PC-48b43b8b" start="1634904883083" dump="1634904903080"/><sessioninfo id="Kévin-PC-3fb2e8dc" start="1634904973501" dump="1634904978824"/><sessioninfo id="Kévin-PC-bf98f92" start="1634905660382" dump="1634905665492"/><sessioninfo id="Kévin-PC-c23c17b6" start="1634905830807" dump="1634905836126"/><sessioninfo id="Kévin-PC-26023a39" start="1634905926021" dump="1634905931154"/><sessioninfo id="Kévin-PC-ebb983db" start="1634905968962" dump="1634905974504"/><sessioninfo id="Kévin-PC-2f676314" start="1634906128502" dump="1634906144888"/><sessioninfo id="Kévin-PC-b3d9814f" start="1634906468584" dump="1634906802607"/><sessioninfo id="Kévin-PC-99c10bc0" start="1634906948005" dump="1634906954196"/><sessioninfo id="Kévin-PC-e8e55787" start="1634906979993" dump="1634906983723"/><sessioninfo id="Kévin-PC-7e368661" start="1634907040032" dump="1634907057029"/><sessioninfo id="Kévin-PC-5149c11a" start="1634907128147" dump="1634907131872"/><sessioninfo id="Kévin-PC-b1cc9ba3" start="1634907359363" dump="1634907362958"/><sessioninfo id="Kévin-PC-45309f95" start="1634907406895" dump="1634907412244"/><sessioninfo id="Kévin-PC-58a48571" start="1634907450106" dump="1634907455453"/><sessioninfo id="Kévin-PC-a8f0c799" start="1634907467410" dump="1634907536104"/><sessioninfo id="Kévin-PC-a3305a4c" start="1634907693175" dump="1634907697724"/><sessioninfo id="Kévin-PC-43aa658d" start="1634907707052" dump="1634907738669"/><sessioninfo id="Kévin-PC-623e21f3" start="1634907777851" dump="1634907805415"/><sessioninfo id="Kévin-PC-5098baa0" start="1634908181435" dump="1634908207498"/><sessioninfo id="Kévin-PC-7ba326e3" start="1634908259934" dump="1634908937280"/><sessioninfo id="Kévin-PC-ea6645ee" start="1635487811869" dump="1635487822386"/><sessioninfo id="Kévin-PC-80bb3d41" start="1635487872534" dump="1635487883679"/><sessioninfo id="Kévin-PC-da979dfb" start="1635488441415" dump="1635488452417"/><sessioninfo id="Kévin-PC-94e1cec9" start="1635488590556" dump="1635488601734"/><sessioninfo id="Kévin-PC-b27c9e6e" start="1635488693141" dump="1635488704022"/><sessioninfo id="Kévin-PC-ccc3ea78" start="1635489495425" dump="1635489506478"/><sessioninfo id="Kévin-PC-ece31dc4" start="1635489525622" dump="1635489584992"/><sessioninfo id="Kévin-PC-c6ba8892" start="1635490164143" dump="1635490223110"/><sessioninfo id="Kévin-PC-7812d976" start="1635490314066" dump="1635490374416"/><sessioninfo id="Kévin-PC-b1ab8cad" start="1635490507503" dump="1635490566516"/><sessioninfo id="Kévin-PC-520683b6" start="1635490617227" dump="1635490676353"/><sessioninfo id="Kévin-PC-4ae39bfd" start="1635490726706" dump="1635490785922"/><sessioninfo id="Kévin-PC-f761886a" start="1635491011978" dump="1635491021759"/><sessioninfo id="Kévin-PC-8c4abade" start="1635491097541" dump="1635491107103"/><sessioninfo id="Kévin-PC-4fa4fb79" start="1635491114439" dump="1635491173971"/><sessioninfo id="Kévin-PC-17695994" start="1635491512428" dump="1635492077827"/><sessioninfo id="Kévin-PC-ae258918" start="1635492485255" dump="1635492502810"/><sessioninfo id="Kévin-PC-1ade3345" start="1635492524019" dump="1635492528987"/><sessioninfo id="Kévin-PC-6c644132" start="1635492596137" dump="1635492600970"/><sessioninfo id="Kévin-PC-9990225" start="1635492619275" dump="1635492624215"/><sessioninfo id="Kévin-PC-93b97583" start="1635492637845" dump="1635492642673"/><sessioninfo id="Kévin-PC-f924cd7" start="1635492655781" dump="1635492675954"/><sessioninfo id="Kévin-PC-6ac98ef3" start="1635492776312" dump="1635492794379"/><sessioninfo id="Kévin-PC-65c2d7d2" start="1635492860320" dump="1635492882785"/><sessioninfo id="Kévin-PC-15943638" start="1635493015755" dump="1635493090016"/><sessioninfo id="Kévin-PC-69e73669" start="1635493315550" dump="1635493387627"/><sessioninfo id="Kévin-PC-112ec9b0" start="1635493414949" dump="1635493488254"/><sessioninfo id="Kévin-PC-eed30b94" start="1635493676330" dump="1635493699926"/><sessioninfo id="Kévin-PC-f536435b" start="1635498543954" dump="1635498554004"/><sessioninfo id="Kévin-PC-9bb679be" start="1635498916830" dump="1635498926575"/><sessioninfo id="Kévin-PC-4f3c33eb" start="1635498987657" dump="1635499012710"/><sessioninfo id="Kévin-PC-a7f8f827" start="1635499045034" dump="1635499119533"/><sessioninfo id="Kévin-PC-e56e18a0" start="1635499532051" dump="1635499581750"/><sessioninfo id="Kévin-PC-dfda3400" start="1635499697700" dump="1635499748900"/><sessioninfo id="Kévin-PC-10c54538" start="1635500151196" dump="1635500202253"/><sessioninfo id="Kévin-PC-389d07a6" start="1635500685025" dump="1635500734565"/><sessioninfo id="Kévin-PC-95ea012e" start="1635500798593" dump="1635500877241"/><sessioninfo id="Kévin-PC-570cc393" start="1636107566981" dump="1636107586978"/><sessioninfo id="Kévin-PC-3ba989ce" start="1636107609983" dump="1636107628475"/><sessioninfo id="Kévin-PC-312d2802" start="1636107669287" dump="1636107687467"/><sessioninfo id="Kévin-PC-5d3146ad" start="1636113513452" dump="1636114001652"/><package name="tourGuide"><class name="tourGuide/TourGuideModule" sourcefilename="TourGuideModule.java"><method name="&lt;init&gt;" desc="()V" line="15"><counter type="INSTRUCTION" missed="0" covered="3"/><counter type="LINE" missed="0" covered="1"/><counter type="COMPLEXITY" missed="0" covered="1"/><counter type="METHOD" missed="0" covered="1"/></method><method name="getGpsUtil" desc="()LgpsUtil/GpsUtil;" line="18"><counter type="INSTRUCTION" missed="0" covered="4"/><counter type="LINE" missed="0" covered="1"/><counter type="COMPLEXITY" missed="0" covered="1"/><counter type="METHOD" missed="0" covered="1"/></method><method name="getGpsMicroservice" desc="()LtourGuide/microservice/GpsMicroservice;" line="21"><counter type="INSTRUCTION" missed="0" covered="4"/><counter type="LINE" missed="0" covered="1"/><counter type="COMPLEXITY" missed="0" covered="1"/><counter type="METHOD" missed="0" covered="1"/></method><method name="getRewardMicroservice" desc="()LtourGuide/microservice/RewardMicroservice;" line="24"><counter type="INSTRUCTION" missed="0" covered="4"/><counter type="LINE" missed="0" covered="1"/><counter type="COMPLEXITY" missed="0" covered="1"/><counter type="METHOD" missed="0" covered="1"/></method><method name="getRewardsService" desc="()LtourGuide/service/RewardsService;" line="27"><counter type="INSTRUCTION" missed="0" covered="8"/><counter type="LINE" missed="0" covered="1"/><counter type="COMPLEXITY" missed="0" covered="1"/><counter type="METHOD" missed="0" covered="1"/></method><method name="getRewardCentral" desc="()LrewardCentral/RewardCentral;" line="30"><counter type="INSTRUCTION" missed="0" covered="4"/><counter type="LINE" missed="0" covered="1"/><counter type="COMPLEXITY" missed="0" covered="1"/><counter type="METHOD" missed="0" covered="1"/></method><counter type="INSTRUCTION" missed="0" covered="27"/><counter type="LINE" missed="0" covered="6"/><counter type="COMPLEXITY" missed="0" covered="6"/><counter type="METHOD" missed="0" covered="6"/><counter type="CLASS" missed="0" covered="1"/></class><class name="tourGuide/Application" sourcefilename="Application.java"><method name="&lt;init&gt;" desc="()V" line="11"><counter type="INSTRUCTION" missed="0" covered="3"/><counter type="LINE" missed="0" covered="1"/><counter type="COMPLEXITY" missed="0" covered="1"/><counter type="METHOD" missed="0" covered="1"/></method><method name="main" desc="([Ljava/lang/String;)V" line="14"><counter type="INSTRUCTION" missed="5" covered="0"/><counter type="LINE" missed="2" covered="0"/><counter type="COMPLEXITY" missed="1" covered="0"/><counter type="METHOD" missed="1" covered="0"/></method><counter type="INSTRUCTION" missed="5" covered="3"/><counter type="LINE" missed="2" covered="1"/><counter type="COMPLEXITY" missed="1" covered="1"/><counter type="METHOD" missed="1" covered="1"/><counter type="CLASS" missed="0" covered="1"/></class><class name="tourGuide/TourGuideController" sourcefilename="TourGuideController.java"><method name="&lt;init&gt;" desc="()V" line="20"><counter type="INSTRUCTION" missed="0" covered="3"/><counter type="LINE" missed="0" covered="1"/><counter type="COMPLEXITY" missed="0" covered="1"/><counter type="METHOD" missed="0" covered="1"/></method><method name="index" desc="()Ljava/lang/String;" line="27"><counter type="INSTRUCTION" missed="2" covered="0"/><counter type="LINE" missed="1" covered="0"/><counter type="COMPLEXITY" missed="1" covered="0"/><counter type="METHOD" missed="1" covered="0"/></method><method name="getLocation" desc="(Ljava/lang/String;)Ljava/lang/String;" line="32"><counter type="INSTRUCTION" missed="11" covered="0"/><counter type="LINE" missed="2" covered="0"/><counter type="COMPLEXITY" missed="1" covered="0"/><counter type="METHOD" missed="1" covered="0"/></method><method name="getNearbyAttractions" desc="(Ljava/lang/String;)Ljava/lang/String;" line="47"><counter type="INSTRUCTION" missed="26" covered="0"/><counter type="BRANCH" missed="2" covered="0"/><counter type="LINE" missed="3" covered="0"/><counter type="COMPLEXITY" missed="2" covered="0"/><counter type="METHOD" missed="1" covered="0"/></method><method name="getRewards" desc="(Ljava/lang/String;)Ljava/lang/String;" line="54"><counter type="INSTRUCTION" missed="8" covered="0"/><counter type="LINE" missed="1" covered="0"/><counter type="COMPLEXITY" missed="1" covered="0"/><counter type="METHOD" missed="1" covered="0"/></method><method name="getAllCurrentLocations" desc="()Ljava/lang/String;" line="59"><counter type="INSTRUCTION" missed="5" covered="0"/><counter type="LINE" missed="1" covered="0"/><counter type="COMPLEXITY" missed="1" covered="0"/><counter type="METHOD" missed="1" covered="0"/></method><method name="getTripDeals" desc="(Ljava/lang/String;)Ljava/lang/String;" line="64"><counter type="INSTRUCTION" missed="10" covered="0"/><counter type="LINE" missed="2" covered="0"/><counter type="COMPLEXITY" missed="1" covered="0"/><counter type="METHOD" missed="1" covered="0"/></method><method name="getUser" desc="(Ljava/lang/String;)LtourGuide/user/User;" line="69"><counter type="INSTRUCTION" missed="5" covered="0"/><counter type="LINE" missed="1" covered="0"/><counter type="COMPLEXITY" missed="1" covered="0"/><counter type="METHOD" missed="1" covered="0"/></method><counter type="INSTRUCTION" missed="67" covered="3"/><counter type="BRANCH" missed="2" covered="0"/><counter type="LINE" missed="11" covered="1"/><counter type="COMPLEXITY" missed="8" covered="1"/><counter type="METHOD" missed="7" covered="1"/><counter type="CLASS" missed="0" covered="1"/></class><sourcefile name="TourGuideController.java"><line nr="20" mi="0" ci="3" mb="0" cb="0"/><line nr="27" mi="2" ci="0" mb="0" cb="0"/><line nr="32" mi="7" ci="0" mb="0" cb="0"/><line nr="33" mi="4" ci="0" mb="0" cb="0"/><line nr="47" mi="7" ci="0" mb="0" cb="0"/><line nr="48" mi="16" ci="0" mb="2" cb="0"/><line nr="49" mi="3" ci="0" mb="0" cb="0"/><line nr="54" mi="8" ci="0" mb="0" cb="0"/><line nr="59" mi="5" ci="0" mb="0" cb="0"/><line nr="64" mi="7" ci="0" mb="0" cb="0"/><line nr="65" mi="3" ci="0" mb="0" cb="0"/><line nr="69" mi="5" ci="0" mb="0" cb="0"/><counter type="INSTRUCTION" missed="67" covered="3"/><counter type="BRANCH" missed="2" covered="0"/><counter type="LINE" missed="11" covered="1"/><counter type="COMPLEXITY" missed="8" covered="1"/><counter type="METHOD" missed="7" covered="1"/><counter type="CLASS" missed="0" covered="1"/></sourcefile><sourcefile name="Application.java"><line nr="11" mi="0" ci="3" mb="0" cb="0"/><line nr="14" mi="4" ci="0" mb="0" cb="0"/><line nr="15" mi="1" ci="0" mb="0" cb="0"/><counter type="INSTRUCTION" missed="5" covered="3"/><counter type="LINE" missed="2" covered="1"/><counter type="COMPLEXITY" missed="1" covered="1"/><counter type="METHOD" missed="1" covered="1"/><counter type="CLASS" missed="0" covered="1"/></sourcefile><sourcefile name="TourGuideModule.java"><line nr="15" mi="0" ci="3" mb="0" cb="0"/><line nr="18" mi="0" ci="4" mb="0" cb="0"/><line nr="21" mi="0" ci="4" mb="0" cb="0"/><line nr="24" mi="0" ci="4" mb="0" cb="0"/><line nr="27" mi="0" ci="8" mb="0" cb="0"/><line nr="30" mi="0" ci="4" mb="0" cb="0"/><counter type="INSTRUCTION" missed="0" covered="27"/><counter type="LINE" missed="0" covered="6"/><counter type="COMPLEXITY" missed="0" covered="6"/><counter type="METHOD" missed="0" covered="6"/><counter type="CLASS" missed="0" covered="1"/></sourcefile><counter type="INSTRUCTION" missed="72" covered="33"/><counter type="BRANCH" missed="2" covered="0"/><counter type="LINE" missed="13" covered="8"/><counter type="COMPLEXITY" missed="9" covered="8"/><counter type="METHOD" missed="8" covered="8"/><counter type="CLASS" missed="0" covered="3"/></package><package name="tourGuide/proxy"><class name="tourGuide/proxy/GpsProxy" sourcefilename="GpsProxy.java"/><class name="tourGuide/proxy/RewardProxy" sourcefilename="RewardProxy.java"/><sourcefile name="RewardProxy.java"/><sourcefile name="GpsProxy.java"/></package><package name="tourGuide/tracker"><class name="tourGuide/tracker/Tracker" sourcefilename="Tracker.java"><method name="&lt;init&gt;" desc="(LtourGuide/service/TourGuideService;)V" line="16"><counter type="INSTRUCTION" missed="0" covered="21"/><counter type="LINE" missed="0" covered="7"/><counter type="COMPLEXITY" missed="0" covered="1"/><counter type="METHOD" missed="0" covered="1"/></method><method name="stopTracking" desc="()V" line="32"><counter type="INSTRUCTION" missed="0" covered="8"/><counter type="LINE" missed="0" covered="3"/><counter type="COMPLEXITY" missed="0" covered="1"/><counter type="METHOD" missed="0" covered="1"/></method><method name="run" desc="()V" line="38"><counter type="INSTRUCTION" missed="0" covered="71"/><counter type="BRANCH" missed="1" covered="3"/><counter type="LINE" missed="0" covered="18"/><counter type="COMPLEXITY" missed="1" covered="2"/><counter type="METHOD" missed="0" covered="1"/></method><method name="lambda$run$0" desc="(LtourGuide/user/User;)V" line="48"><counter type="INSTRUCTION" missed="0" covered="6"/><counter type="LINE" missed="0" covered="1"/><counter type="COMPLEXITY" missed="0" covered="1"/><counter type="METHOD" missed="0" covered="1"/></method><method name="&lt;clinit&gt;" desc="()V" line="17"><counter type="INSTRUCTION" missed="0" covered="5"/><counter type="LINE" missed="0" covered="1"/><counter type="COMPLEXITY" missed="0" covered="1"/><counter type="METHOD" missed="0" covered="1"/></method><counter type="INSTRUCTION" missed="0" covered="111"/><counter type="BRANCH" missed="1" covered="3"/><counter type="LINE" missed="0" covered="29"/><counter type="COMPLEXITY" missed="1" covered="6"/><counter type="METHOD" missed="0" covered="5"/><counter type="CLASS" missed="0" covered="1"/></class><sourcefile name="Tracker.java"><line nr="16" mi="0" ci="4" mb="0" cb="0"/><line nr="17" mi="0" ci="5" mb="0" cb="0"/><line nr="18" mi="0" ci="3" mb="0" cb="0"/><line nr="20" mi="0" ci="3" mb="0" cb="0"/><line nr="22" mi="0" ci="2" mb="0" cb="0"/><line nr="23" mi="0" ci="3" mb="0" cb="0"/><line nr="25" mi="0" ci="5" mb="0" cb="0"/><line nr="26" mi="0" ci="1" mb="0" cb="0"/><line nr="32" mi="0" ci="3" mb="0" cb="0"/><line nr="33" mi="0" ci="4" mb="0" cb="0"/><line nr="34" mi="0" ci="1" mb="0" cb="0"/><line nr="38" mi="0" ci="4" mb="0" cb="0"/><line nr="40" mi="0" ci="6" mb="1" cb="3"/><line nr="41" mi="0" ci="4" mb="0" cb="0"/><line nr="42" mi="0" ci="1" mb="0" cb="0"/><line nr="45" mi="0" ci="4" mb="0" cb="0"/><line nr="46" mi="0" ci="14" mb="0" cb="0"/><line nr="47" mi="0" ci="2" mb="0" cb="0"/><line nr="48" mi="0" ci="10" mb="0" cb="0"/><line nr="49" mi="0" ci="2" mb="0" cb="0"/><line nr="50" mi="0" ci="16" mb="0" cb="0"/><line nr="51" mi="0" ci="2" mb="0" cb="0"/><line nr="53" mi="0" ci="4" mb="0" cb="0"/><line nr="54" mi="0" ci="3" mb="0" cb="0"/><line nr="55" mi="0" ci="1" mb="0" cb="0"/><line nr="56" mi="0" ci="1" mb="0" cb="0"/><line nr="57" mi="0" ci="1" mb="0" cb="0"/><line nr="58" mi="0" ci="1" mb="0" cb="0"/><line nr="60" mi="0" ci="1" mb="0" cb="0"/><counter type="INSTRUCTION" missed="0" covered="111"/><counter type="BRANCH" missed="1" covered="3"/><counter type="LINE" missed="0" covered="29"/><counter type="COMPLEXITY" missed="1" covered="6"/><counter type="METHOD" missed="0" covered="5"/><counter type="CLASS" missed="0" covered="1"/></sourcefile><counter type="INSTRUCTION" missed="0" covered="111"/><counter type="BRANCH" missed="1" covered="3"/><counter type="LINE" missed="0" covered="29"/><counter type="COMPLEXITY" missed="1" covered="6"/><counter type="METHOD" missed="0" covered="5"/><counter type="CLASS" missed="0" covered="1"/></package><package name="tourGuide/microservice"><class name="tourGuide/microservice/RewardMicroserviceImpl$1" sourcefilename="RewardMicroserviceImpl.java"><method name="&lt;init&gt;" desc="(LtourGuide/microservice/RewardMicroserviceImpl;)V" line="31"><counter type="INSTRUCTION" missed="0" covered="6"/><counter type="LINE" missed="0" covered="1"/><counter type="COMPLEXITY" missed="0" covered="1"/><counter type="METHOD" missed="0" covered="1"/></method><counter type="INSTRUCTION" missed="0" covered="6"/><counter type="LINE" missed="0" covered="1"/><counter type="COMPLEXITY" missed="0" covered="1"/><counter type="METHOD" missed="0" covered="1"/><counter type="CLASS" missed="0" covered="1"/></class><class name="tourGuide/microservice/RewardMicroservice" sourcefilename="RewardMicroservice.java"/><class name="tourGuide/microservice/RewardMicroserviceImpl" sourcefilename="RewardMicroserviceImpl.java"><method name="&lt;init&gt;" desc="()V" line="20"><counter type="INSTRUCTION" missed="0" covered="7"/><counter type="LINE" missed="0" covered="2"/><counter type="COMPLEXITY" missed="0" covered="1"/><counter type="METHOD" missed="0" covered="1"/></method><method name="getuserReward" desc="(Ljava/util/UUID;Ljava/lang/String;Ljava/lang/String;)Ljava/util/List;" line="27"><counter type="INSTRUCTION" missed="3" covered="26"/><counter type="LINE" missed="2" covered="6"/><counter type="COMPLEXITY" missed="0" covered="1"/><counter type="METHOD" missed="0" covered="1"/></method><method name="setproximitybuffer" desc="(I)Ljava/lang/String;" line="40"><counter type="INSTRUCTION" missed="0" covered="5"/><counter type="LINE" missed="0" covered="1"/><counter type="COMPLEXITY" missed="0" covered="1"/><counter type="METHOD" missed="0" covered="1"/></method><counter type="INSTRUCTION" missed="3" covered="38"/><counter type="LINE" missed="2" covered="9"/><counter type="COMPLEXITY" missed="0" covered="3"/><counter type="METHOD" missed="0" covered="3"/><counter type="CLASS" missed="0" covered="1"/></class><class name="tourGuide/microservice/GpsMicroserviceImpl" sourcefilename="GpsMicroserviceImpl.java"><method name="&lt;init&gt;" desc="()V" line="17"><counter type="INSTRUCTION" missed="0" covered="3"/><counter type="LINE" missed="0" covered="1"/><counter type="COMPLEXITY" missed="0" covered="1"/><counter type="METHOD" missed="0" covered="1"/></method><method name="getAttractions" desc="()Ljava/util/List;" line="24"><counter type="INSTRUCTION" missed="0" covered="39"/><counter type="BRANCH" missed="0" covered="2"/><counter type="LINE" missed="0" covered="7"/><counter type="COMPLEXITY" missed="0" covered="2"/><counter type="METHOD" missed="0" covered="1"/></method><method name="getUserLocation" desc="(Ljava/util/UUID;)LgpsUtil/location/VisitedLocation;" line="35"><counter type="INSTRUCTION" missed="0" covered="26"/><counter type="LINE" missed="0" covered="4"/><counter type="COMPLEXITY" missed="0" covered="1"/><counter type="METHOD" missed="0" covered="1"/></method><counter type="INSTRUCTION" missed="0" covered="68"/><counter type="BRANCH" missed="0" covered="2"/><counter type="LINE" missed="0" covered="12"/><counter type="COMPLEXITY" missed="0" covered="4"/><counter type="METHOD" missed="0" covered="3"/><counter type="CLASS" missed="0" covered="1"/></class><class name="tourGuide/microservice/GpsMicroservice" sourcefilename="GpsMicroservice.java"/><sourcefile name="GpsMicroservice.java"/><sourcefile name="GpsMicroserviceImpl.java"><line nr="17" mi="0" ci="3" mb="0" cb="0"/><line nr="24" mi="0" ci="4" mb="0" cb="0"/><line nr="25" mi="0" ci="4" mb="0" cb="0"/><line nr="26" mi="0" ci="10" mb="0" cb="2"/><line nr="27" mi="0" ci="14" mb="0" cb="0"/><line nr="28" mi="0" ci="4" mb="0" cb="0"/><line nr="29" mi="0" ci="1" mb="0" cb="0"/><line nr="30" mi="0" ci="2" mb="0" cb="0"/><line nr="35" mi="0" ci="6" mb="0" cb="0"/><line nr="36" mi="0" ci="10" mb="0" cb="0"/><line nr="37" mi="0" ci="8" mb="0" cb="0"/><line nr="38" mi="0" ci="2" mb="0" cb="0"/><counter type="INSTRUCTION" missed="0" covered="68"/><counter type="BRANCH" missed="0" covered="2"/><counter type="LINE" missed="0" covered="12"/><counter type="COMPLEXITY" missed="0" covered="4"/><counter type="METHOD" missed="0" covered="3"/><counter type="CLASS" missed="0" covered="1"/></sourcefile><sourcefile name="RewardMicroservice.java"/><sourcefile name="RewardMicroserviceImpl.java"><line nr="20" mi="0" ci="2" mb="0" cb="0"/><line nr="23" mi="0" ci="5" mb="0" cb="0"/><line nr="27" mi="0" ci="4" mb="0" cb="0"/><line nr="28" mi="0" ci="8" mb="0" cb="0"/><line nr="29" mi="0" ci="2" mb="0" cb="0"/><line nr="31" mi="0" ci="15" mb="0" cb="0"/><line nr="32" mi="1" ci="0" mb="0" cb="0"/><line nr="33" mi="2" ci="0" mb="0" cb="0"/><line nr="34" mi="0" ci="1" mb="0" cb="0"/><line nr="35" mi="0" ci="2" mb="0" cb="0"/><line nr="40" mi="0" ci="5" mb="0" cb="0"/><counter type="INSTRUCTION" missed="3" covered="44"/><counter type="LINE" missed="2" covered="9"/><counter type="COMPLEXITY" missed="0" covered="4"/><counter type="METHOD" missed="0" covered="4"/><counter type="CLASS" missed="0" covered="2"/></sourcefile><counter type="INSTRUCTION" missed="3" covered="112"/><counter type="BRANCH" missed="0" covered="2"/><counter type="LINE" missed="2" covered="21"/><counter type="COMPLEXITY" missed="0" covered="8"/><counter type="METHOD" missed="0" covered="7"/><counter type="CLASS" missed="0" covered="3"/></package><package name="tourGuide/helper"><class name="tourGuide/helper/InternalTestHelper" sourcefilename="InternalTestHelper.java"><method name="&lt;init&gt;" desc="()V" line="3"><counter type="INSTRUCTION" missed="3" covered="0"/><counter type="LINE" missed="1" covered="0"/><counter type="COMPLEXITY" missed="1" covered="0"/><counter type="METHOD" missed="1" covered="0"/></method><method name="setInternalUserNumber" desc="(I)V" line="9"><counter type="INSTRUCTION" missed="0" covered="3"/><counter type="LINE" missed="0" covered="2"/><counter type="COMPLEXITY" missed="0" covered="1"/><counter type="METHOD" missed="0" covered="1"/></method><method name="getInternalUserNumber" desc="()I" line="13"><counter type="INSTRUCTION" missed="0" covered="2"/><counter type="LINE" missed="0" covered="1"/><counter type="COMPLEXITY" missed="0" covered="1"/><counter type="METHOD" missed="0" covered="1"/></method><method name="&lt;clinit&gt;" desc="()V" line="6"><counter type="INSTRUCTION" missed="0" covered="3"/><counter type="LINE" missed="0" covered="1"/><counter type="COMPLEXITY" missed="0" covered="1"/><counter type="METHOD" missed="0" covered="1"/></method><counter type="INSTRUCTION" missed="3" covered="8"/><counter type="LINE" missed="1" covered="4"/><counter type="COMPLEXITY" missed="1" covered="3"/><counter type="METHOD" missed="1" covered="3"/><counter type="CLASS" missed="0" covered="1"/></class><sourcefile name="InternalTestHelper.java"><line nr="3" mi="3" ci="0" mb="0" cb="0"/><line nr="6" mi="0" ci="3" mb="0" cb="0"/><line nr="9" mi="0" ci="2" mb="0" cb="0"/><line nr="10" mi="0" ci="1" mb="0" cb="0"/><line nr="13" mi="0" ci="2" mb="0" cb="0"/><counter type="INSTRUCTION" missed="3" covered="8"/><counter type="LINE" missed="1" covered="4"/><counter type="COMPLEXITY" missed="1" covered="3"/><counter type="METHOD" missed="1" covered="3"/><counter type="CLASS" missed="0" covered="1"/></sourcefile><counter type="INSTRUCTION" missed="3" covered="8"/><counter type="LINE" missed="1" covered="4"/><counter type="COMPLEXITY" missed="1" covered="3"/><counter type="METHOD" missed="1" covered="3"/><counter type="CLASS" missed="0" covered="1"/></package><package name="tourGuide/service"><class name="tourGuide/service/RewardsService" sourcefilename="RewardsService.java"><method name="&lt;init&gt;" desc="(LrewardCentral/RewardCentral;LtourGuide/microservice/RewardMicroservice;)V" line="28"><counter type="INSTRUCTION" missed="0" covered="20"/><counter type="LINE" missed="0" covered="7"/><counter type="COMPLEXITY" missed="0" covered="1"/><counter type="METHOD" missed="0" covered="1"/></method><method name="calculateRewards" desc="(LtourGuide/user/User;)Ljava/util/concurrent/Future;" line="41"><counter type="INSTRUCTION" missed="0" covered="7"/><counter type="LINE" missed="0" covered="1"/><counter type="COMPLEXITY" missed="0" covered="1"/><counter type="METHOD" missed="0" covered="1"/></method><method name="isWithinAttractionProximity" desc="(LgpsUtil/location/Attraction;LgpsUtil/location/Location;)Z" line="60"><counter type="INSTRUCTION" missed="2" covered="11"/><counter type="BRANCH" missed="1" covered="1"/><counter type="LINE" missed="0" covered="1"/><counter type="COMPLEXITY" missed="1" covered="1"/><counter type="METHOD" missed="0" covered="1"/></method><method name="getDistance" desc="(LgpsUtil/location/Location;LgpsUtil/location/Location;)D" line="64"><counter type="INSTRUCTION" missed="0" covered="45"/><counter type="LINE" missed="0" covered="9"/><counter type="COMPLEXITY" missed="0" covered="1"/><counter type="METHOD" missed="0" covered="1"/></method><method name="lambda$calculateRewards$0" desc="(LtourGuide/user/User;)Ljava/util/List;" line="42"><counter type="INSTRUCTION" missed="4" covered="49"/><counter type="BRANCH" missed="1" covered="1"/><counter type="LINE" missed="2" covered="10"/><counter type="COMPLEXITY" missed="1" covered="1"/><counter type="METHOD" missed="0" covered="1"/></method><counter type="INSTRUCTION" missed="6" covered="132"/><counter type="BRANCH" missed="2" covered="2"/><counter type="LINE" missed="2" covered="28"/><counter type="COMPLEXITY" missed="2" covered="5"/><counter type="METHOD" missed="0" covered="5"/><counter type="CLASS" missed="0" covered="1"/></class><class name="tourGuide/service/TourGuideService" sourcefilename="TourGuideService.java"><method name="&lt;init&gt;" desc="(LtourGuide/microservice/GpsMicroservice;LtourGuide/service/RewardsService;)V" line="32"><counter type="INSTRUCTION" missed="0" covered="55"/><counter type="BRANCH" missed="1" covered="1"/><counter type="LINE" missed="0" covered="16"/><counter type="COMPLEXITY" missed="1" covered="1"/><counter type="METHOD" missed="0" covered="1"/></method><method name="getUserRewards" desc="(LtourGuide/user/User;)Ljava/util/List;" line="56"><counter type="INSTRUCTION" missed="0" covered="3"/><counter type="LINE" missed="0" covered="1"/><counter type="COMPLEXITY" missed="0" covered="1"/><counter type="METHOD" missed="0" covered="1"/></method><method name="getUserLocation" desc="(LtourGuide/user/User;)LgpsUtil/location/VisitedLocation;" line="60"><counter type="INSTRUCTION" missed="42" covered="0"/><counter type="BRANCH" missed="2" covered="0"/><counter type="LINE" missed="12" covered="0"/><counter type="COMPLEXITY" missed="2" covered="0"/><counter type="METHOD" missed="1" covered="0"/></method><method name="getAllUserLocations" desc="()Ljava/util/Map;" line="76"><counter type="INSTRUCTION" missed="27" covered="0"/><counter type="BRANCH" missed="2" covered="0"/><counter type="LINE" missed="5" covered="0"/><counter type="COMPLEXITY" missed="2" covered="0"/><counter type="METHOD" missed="1" covered="0"/></method><method name="getUser" desc="(Ljava/lang/String;)LtourGuide/user/User;" line="84"><counter type="INSTRUCTION" missed="0" covered="6"/><counter type="LINE" missed="0" covered="1"/><counter type="COMPLEXITY" missed="0" covered="1"/><counter type="METHOD" missed="0" covered="1"/></method><method name="getAllUsers" desc="()Ljava/util/List;" line="88"><counter type="INSTRUCTION" missed="0" covered="8"/><counter type="LINE" missed="0" covered="1"/><counter type="COMPLEXITY" missed="0" covered="1"/><counter type="METHOD" missed="0" covered="1"/></method><method name="addUser" desc="(LtourGuide/user/User;)V" line="92"><counter type="INSTRUCTION" missed="0" covered="14"/><counter type="BRANCH" missed="1" covered="1"/><counter type="LINE" missed="0" covered="3"/><counter type="COMPLEXITY" missed="1" covered="1"/><counter type="METHOD" missed="0" covered="1"/></method><method name="getTripDeals" desc="(LtourGuide/user/User;)Ljava/util/List;" line="98"><counter type="INSTRUCTION" missed="29" covered="0"/><counter type="LINE" missed="5" covered="0"/><counter type="COMPLEXITY" missed="1" covered="0"/><counter type="METHOD" missed="1" covered="0"/></method><method name="trackUserLocation" desc="(LtourGuide/user/User;)Ljava/util/concurrent/Future;" line="107"><counter type="INSTRUCTION" missed="0" covered="7"/><counter type="LINE" missed="0" covered="1"/><counter type="COMPLEXITY" missed="0" covered="1"/><counter type="METHOD" missed="0" covered="1"/></method><method name="getNearByAttractions" desc="(LgpsUtil/location/VisitedLocation;)Ljava/util/List;" line="117"><counter type="INSTRUCTION" missed="43" covered="0"/><counter type="BRANCH" missed="4" covered="0"/><counter type="LINE" missed="7" covered="0"/><counter type="COMPLEXITY" missed="3" covered="0"/><counter type="METHOD" missed="1" covered="0"/></method><method name="addShutDownHook" desc="()V" line="128"><counter type="INSTRUCTION" missed="0" covered="7"/><counter type="LINE" missed="0" covered="2"/><counter type="COMPLEXITY" missed="0" covered="1"/><counter type="METHOD" missed="0" covered="1"/></method><method name="initializeInternalUsers" desc="()V" line="144"><counter type="INSTRUCTION" missed="0" covered="20"/><counter type="LINE" missed="0" covered="3"/><counter type="COMPLEXITY" missed="0" covered="1"/><counter type="METHOD" missed="0" covered="1"/></method><method name="generateUserLocationHistory" desc="(LtourGuide/user/User;)V" line="157"><counter type="INSTRUCTION" missed="0" covered="8"/><counter type="LINE" missed="0" covered="2"/><counter type="COMPLEXITY" missed="0" covered="1"/><counter type="METHOD" missed="0" covered="1"/></method><method name="generateRandomLongitude" desc="()D" line="163"><counter type="INSTRUCTION" missed="0" covered="15"/><counter type="LINE" missed="0" covered="3"/><counter type="COMPLEXITY" missed="0" covered="1"/><counter type="METHOD" missed="0" covered="1"/></method><method name="generateRandomLatitude" desc="()D" line="169"><counter type="INSTRUCTION" missed="0" covered="15"/><counter type="LINE" missed="0" covered="3"/><counter type="COMPLEXITY" missed="0" covered="1"/><counter type="METHOD" missed="0" covered="1"/></method><method name="getRandomTime" desc="()Ljava/util/Date;" line="175"><counter type="INSTRUCTION" missed="0" covered="14"/><counter type="LINE" missed="0" covered="2"/><counter type="COMPLEXITY" missed="0" covered="1"/><counter type="METHOD" missed="0" covered="1"/></method><method name="lambda$generateUserLocationHistory$3" desc="(LtourGuide/user/User;I)V" line="158"><counter type="INSTRUCTION" missed="0" covered="17"/><counter type="LINE" missed="0" covered="2"/><counter type="COMPLEXITY" missed="0" covered="1"/><counter type="METHOD" missed="0" covered="1"/></method><method name="lambda$initializeInternalUsers$2" desc="(I)V" line="145"><counter type="INSTRUCTION" missed="0" covered="38"/><counter type="LINE" missed="0" covered="7"/><counter type="COMPLEXITY" missed="0" covered="1"/><counter type="METHOD" missed="0" covered="1"/></method><method name="lambda$trackUserLocation$1" desc="(LtourGuide/user/User;)LgpsUtil/location/VisitedLocation;" line="108"><counter type="INSTRUCTION" missed="0" covered="29"/><counter type="LINE" missed="0" covered="5"/><counter type="COMPLEXITY" missed="0" covered="1"/><counter type="METHOD" missed="0" covered="1"/></method><method name="lambda$getTripDeals$0" desc="(LtourGuide/user/UserReward;)I" line="98"><counter type="INSTRUCTION" missed="3" covered="0"/><counter type="LINE" missed="1" covered="0"/><counter type="COMPLEXITY" missed="1" covered="0"/><counter type="METHOD" missed="1" covered="0"/></method><counter type="INSTRUCTION" missed="144" covered="256"/><counter type="BRANCH" missed="10" covered="2"/><counter type="LINE" missed="29" covered="52"/><counter type="COMPLEXITY" missed="11" covered="15"/><counter type="METHOD" missed="5" covered="15"/><counter type="CLASS" missed="0" covered="1"/></class><class name="tourGuide/service/TourGuideService$1" sourcefilename="TourGuideService.java"><method name="&lt;init&gt;" desc="(LtourGuide/service/TourGuideService;)V" line="128"><counter type="INSTRUCTION" missed="0" covered="6"/><counter type="LINE" missed="0" covered="1"/><counter type="COMPLEXITY" missed="0" covered="1"/><counter type="METHOD" missed="0" covered="1"/></method><method name="run" desc="()V" line="130"><counter type="INSTRUCTION" missed="0" covered="5"/><counter type="LINE" missed="0" covered="2"/><counter type="COMPLEXITY" missed="0" covered="1"/><counter type="METHOD" missed="0" covered="1"/></method><counter type="INSTRUCTION" missed="0" covered="11"/><counter type="LINE" missed="0" covered="3"/><counter type="COMPLEXITY" missed="0" covered="2"/><counter type="METHOD" missed="0" covered="2"/><counter type="CLASS" missed="0" covered="1"/></class><sourcefile name="RewardsService.java"><line nr="28" mi="0" ci="4" mb="0" cb="0"/><line nr="30" mi="0" ci="3" mb="0" cb="0"/><line nr="33" mi="0" ci="4" mb="0" cb="0"/><line nr="35" mi="0" ci="2" mb="0" cb="0"/><line nr="36" mi="0" ci="3" mb="0" cb="0"/><line nr="37" mi="0" ci="3" mb="0" cb="0"/><line nr="38" mi="0" ci="1" mb="0" cb="0"/><line nr="41" mi="0" ci="7" mb="0" cb="0"/><line nr="42" mi="0" ci="12" mb="0" cb="0"/><line nr="43" mi="0" ci="4" mb="0" cb="0"/><line nr="44" mi="0" ci="2" mb="0" cb="0"/><line nr="45" mi="0" ci="2" mb="0" cb="0"/><line nr="47" mi="0" ci="5" mb="0" cb="0"/><line nr="48" mi="0" ci="5" mb="0" cb="0"/><line nr="50" mi="1" ci="0" mb="0" cb="0"/><line nr="51" mi="2" ci="0" mb="0" cb="0"/><line nr="52" mi="0" ci="1" mb="0" cb="0"/><line nr="53" mi="1" ci="13" mb="1" cb="1"/><line nr="54" mi="0" ci="3" mb="0" cb="0"/><line nr="55" mi="0" ci="2" mb="0" cb="0"/><line nr="60" mi="2" ci="11" mb="1" cb="1"/><line nr="64" mi="0" ci="4" mb="0" cb="0"/><line nr="65" mi="0" ci="4" mb="0" cb="0"/><line nr="66" mi="0" ci="4" mb="0" cb="0"/><line nr="67" mi="0" ci="4" mb="0" cb="0"/><line nr="69" mi="0" ci="8" mb="0" cb="0"/><line nr="70" mi="0" ci="10" mb="0" cb="0"/><line nr="72" mi="0" ci="5" mb="0" cb="0"/><line nr="73" mi="0" ci="4" mb="0" cb="0"/><line nr="74" mi="0" ci="2" mb="0" cb="0"/><counter type="INSTRUCTION" missed="6" covered="132"/><counter type="BRANCH" missed="2" covered="2"/><counter type="LINE" missed="2" covered="28"/><counter type="COMPLEXITY" missed="2" covered="5"/><counter type="METHOD" missed="0" covered="5"/><counter type="CLASS" missed="0" covered="1"/></sourcefile><sourcefile name="TourGuideService.java"><line nr="32" mi="0" ci="4" mb="0" cb="0"/><line nr="34" mi="0" ci="5" mb="0" cb="0"/><line nr="36" mi="0" ci="3" mb="0" cb="0"/><line nr="37" mi="0" ci="4" mb="0" cb="0"/><line nr="41" mi="0" ci="2" mb="0" cb="0"/><line nr="42" mi="0" ci="3" mb="0" cb="0"/><line nr="43" mi="0" ci="3" mb="0" cb="0"/><line nr="45" mi="0" ci="3" mb="1" cb="1"/><line nr="46" mi="0" ci="4" mb="0" cb="0"/><line nr="47" mi="0" ci="4" mb="0" cb="0"/><line nr="48" mi="0" ci="2" mb="0" cb="0"/><line nr="49" mi="0" ci="4" mb="0" cb="0"/><line nr="51" mi="0" ci="6" mb="0" cb="0"/><line nr="52" mi="0" ci="2" mb="0" cb="0"/><line nr="53" mi="0" ci="1" mb="0" cb="0"/><line nr="56" mi="0" ci="3" mb="0" cb="0"/><line nr="60" mi="12" ci="0" mb="0" cb="0"/><line nr="61" mi="2" ci="0" mb="0" cb="0"/><line nr="63" mi="5" ci="0" mb="2" cb="0"/><line nr="64" mi="4" ci="0" mb="0" cb="0"/><line nr="65" mi="4" ci="0" mb="0" cb="0"/><line nr="66" mi="1" ci="0" mb="0" cb="0"/><line nr="67" mi="2" ci="0" mb="0" cb="0"/><line nr="68" mi="1" ci="0" mb="0" cb="0"/><line nr="69" mi="2" ci="0" mb="0" cb="0"/><line nr="70" mi="2" ci="0" mb="0" cb="0"/><line nr="71" mi="5" ci="0" mb="0" cb="0"/><line nr="72" mi="2" ci="0" mb="0" cb="0"/><line nr="76" mi="4" ci="0" mb="0" cb="0"/><line nr="77" mi="11" ci="0" mb="2" cb="0"/><line nr="78" mi="9" ci="0" mb="0" cb="0"/><line nr="79" mi="1" ci="0" mb="0" cb="0"/><line nr="80" mi="2" ci="0" mb="0" cb="0"/><line nr="84" mi="0" ci="6" mb="0" cb="0"/><line nr="88" mi="0" ci="8" mb="0" cb="0"/><line nr="92" mi="0" ci="6" mb="1" cb="1"/><line nr="93" mi="0" ci="7" mb="0" cb="0"/><line nr="95" mi="0" ci="1" mb="0" cb="0"/><line nr="98" mi="10" ci="0" mb="0" cb="0"/><line nr="99" mi="11" ci="0" mb="0" cb="0"/><line nr="100" mi="6" ci="0" mb="0" cb="0"/><line nr="101" mi="3" ci="0" mb="0" cb="0"/><line nr="102" mi="2" ci="0" mb="0" cb="0"/><line nr="107" mi="0" ci="7" mb="0" cb="0"/><line nr="108" mi="0" ci="12" mb="0" cb="0"/><line nr="109" mi="0" ci="6" mb="0" cb="0"/><line nr="110" mi="0" ci="3" mb="0" cb="0"/><line nr="111" mi="0" ci="6" mb="0" cb="0"/><line nr="112" mi="0" ci="2" mb="0" cb="0"/><line nr="117" mi="4" ci="0" mb="0" cb="0"/><line nr="118" mi="12" ci="0" mb="2" cb="0"/><line nr="119" mi="7" ci="0" mb="2" cb="0"/><line nr="120" mi="11" ci="0" mb="0" cb="0"/><line nr="122" mi="1" ci="0" mb="0" cb="0"/><line nr="123" mi="6" ci="0" mb="0" cb="0"/><line nr="124" mi="2" ci="0" mb="0" cb="0"/><line nr="128" mi="0" ci="12" mb="0" cb="0"/><line nr="130" mi="0" ci="4" mb="0" cb="0"/><line nr="131" mi="0" ci="1" mb="0" cb="0"/><line nr="133" mi="0" ci="1" mb="0" cb="0"/><line nr="142" mi="0" ci="5" mb="0" cb="0"/><line nr="144" mi="0" ci="6" mb="0" cb="0"/><line nr="145" mi="0" ci="9" mb="0" cb="0"/><line nr="146" mi="0" ci="2" mb="0" cb="0"/><line nr="147" mi="0" ci="9" mb="0" cb="0"/><line nr="148" mi="0" ci="8" mb="0" cb="0"/><line nr="149" mi="0" ci="3" mb="0" cb="0"/><line nr="151" mi="0" ci="6" mb="0" cb="0"/><line nr="152" mi="0" ci="1" mb="0" cb="0"/><line nr="153" mi="0" ci="13" mb="0" cb="0"/><line nr="154" mi="0" ci="1" mb="0" cb="0"/><line nr="157" mi="0" ci="7" mb="0" cb="0"/><line nr="158" mi="0" ci="16" mb="0" cb="0"/><line nr="159" mi="0" ci="1" mb="0" cb="0"/><line nr="160" mi="0" ci="1" mb="0" cb="0"/><line nr="163" mi="0" ci="2" mb="0" cb="0"/><line nr="164" mi="0" ci="2" mb="0" cb="0"/><line nr="165" mi="0" ci="11" mb="0" cb="0"/><line nr="169" mi="0" ci="2" mb="0" cb="0"/><line nr="170" mi="0" ci="2" mb="0" cb="0"/><line nr="171" mi="0" ci="11" mb="0" cb="0"/><line nr="175" mi="0" ci="9" mb="0" cb="0"/><line nr="176" mi="0" ci="5" mb="0" cb="0"/><counter type="INSTRUCTION" missed="144" covered="267"/><counter type="BRANCH" missed="10" covered="2"/><counter type="LINE" missed="29" covered="54"/><counter type="COMPLEXITY" missed="11" covered="17"/><counter type="METHOD" missed="5" covered="17"/><counter type="CLASS" missed="0" covered="2"/></sourcefile><counter type="INSTRUCTION" missed="150" covered="399"/><counter type="BRANCH" missed="12" covered="4"/><counter type="LINE" missed="31" covered="82"/><counter type="COMPLEXITY" missed="13" covered="22"/><counter type="METHOD" missed="5" covered="22"/><counter type="CLASS" missed="0" covered="3"/></package><package name="tourGuide/Dto"><class name="tourGuide/Dto/UserRewardDto" sourcefilename="UserRewardDto.java"><method name="&lt;init&gt;" desc="()V" line="11"><counter type="INSTRUCTION" missed="0" covered="3"/><counter type="LINE" missed="0" covered="2"/><counter type="COMPLEXITY" missed="0" covered="1"/><counter type="METHOD" missed="0" covered="1"/></method><method name="&lt;init&gt;" desc="(LtourGuide/Dto/VisitedLocationDto;LtourGuide/Dto/AttractionDto;I)V" line="13"><counter type="INSTRUCTION" missed="12" covered="0"/><counter type="LINE" missed="5" covered="0"/><counter type="COMPLEXITY" missed="1" covered="0"/><counter type="METHOD" missed="1" covered="0"/></method><method name="&lt;init&gt;" desc="(LtourGuide/Dto/VisitedLocationDto;LtourGuide/Dto/AttractionDto;)V" line="19"><counter type="INSTRUCTION" missed="9" covered="0"/><counter type="LINE" missed="4" covered="0"/><counter type="COMPLEXITY" missed="1" covered="0"/><counter type="METHOD" missed="1" covered="0"/></method><method name="setRewardPoints" desc="(I)V" line="25"><counter type="INSTRUCTION" missed="0" covered="4"/><counter type="LINE" missed="0" covered="2"/><counter type="COMPLEXITY" missed="0" covered="1"/><counter type="METHOD" missed="0" covered="1"/></method><method name="getRewardPoints" desc="()I" line="29"><counter type="INSTRUCTION" missed="0" covered="3"/><counter type="LINE" missed="0" covered="1"/><counter type="COMPLEXITY" missed="0" covered="1"/><counter type="METHOD" missed="0" covered="1"/></method><counter type="INSTRUCTION" missed="21" covered="10"/><counter type="LINE" missed="9" covered="5"/><counter type="COMPLEXITY" missed="2" covered="3"/><counter type="METHOD" missed="2" covered="3"/><counter type="CLASS" missed="0" covered="1"/></class><class name="tourGuide/Dto/AttractionDto" sourcefilename="AttractionDto.java"><method name="&lt;init&gt;" desc="()V" line="13"><counter type="INSTRUCTION" missed="0" covered="3"/><cou
[...]
mi="0" ci="3" mb="0" cb="0"/><line nr="26" mi="0" ci="3" mb="0" cb="0"/><line nr="27" mi="0" ci="1" mb="0" cb="0"/><line nr="30" mi="0" ci="3" mb="0" cb="0"/><line nr="34" mi="0" ci="3" mb="0" cb="0"/><line nr="35" mi="0" ci="1" mb="0" cb="0"/><line nr="38" mi="0" ci="3" mb="0" cb="0"/><line nr="42" mi="0" ci="3" mb="0" cb="0"/><line nr="43" mi="0" ci="1" mb="0" cb="0"/><counter type="INSTRUCTION" missed="12" covered="24"/><counter type="LINE" missed="5" covered="11"/><counter type="COMPLEXITY" missed="1" covered="7"/><counter type="METHOD" missed="1" covered="7"/><counter type="CLASS" missed="0" covered="1"/></sourcefile><sourcefile name="AttractionDto.java"><line nr="13" mi="0" ci="2" mb="0" cb="0"/><line nr="14" mi="0" ci="1" mb="0" cb="0"/><line nr="16" mi="2" ci="0" mb="0" cb="0"/><line nr="17" mi="3" ci="0" mb="0" cb="0"/><line nr="18" mi="3" ci="0" mb="0" cb="0"/><line nr="19" mi="3" ci="0" mb="0" cb="0"/><line nr="20" mi="3" ci="0" mb="0" cb="0"/><line nr="21" mi="3" ci="0" mb="0" cb="0"/><line nr="22" mi="3" ci="0" mb="0" cb="0"/><line nr="23" mi="1" ci="0" mb="0" cb="0"/><line nr="26" mi="0" ci="3" mb="0" cb="0"/><line nr="30" mi="0" ci="3" mb="0" cb="0"/><line nr="31" mi="0" ci="1" mb="0" cb="0"/><line nr="34" mi="0" ci="3" mb="0" cb="0"/><line nr="38" mi="0" ci="3" mb="0" cb="0"/><line nr="39" mi="0" ci="1" mb="0" cb="0"/><line nr="42" mi="0" ci="3" mb="0" cb="0"/><line nr="46" mi="0" ci="3" mb="0" cb="0"/><line nr="47" mi="0" ci="1" mb="0" cb="0"/><line nr="50" mi="0" ci="3" mb="0" cb="0"/><line nr="54" mi="0" ci="3" mb="0" cb="0"/><line nr="55" mi="0" ci="1" mb="0" cb="0"/><line nr="58" mi="0" ci="3" mb="0" cb="0"/><line nr="62" mi="0" ci="3" mb="0" cb="0"/><line nr="63" mi="0" ci="1" mb="0" cb="0"/><line nr="66" mi="0" ci="3" mb="0" cb="0"/><line nr="70" mi="0" ci="3" mb="0" cb="0"/><line nr="71" mi="0" ci="1" mb="0" cb="0"/><counter type="INSTRUCTION" missed="21" covered="45"/><counter type="LINE" missed="8" covered="20"/><counter type="COMPLEXITY" missed="1" covered="13"/><counter type="METHOD" missed="1" covered="13"/><counter type="CLASS" missed="0" covered="1"/></sourcefile><counter type="INSTRUCTION" missed="63" covered="96"/><counter type="LINE" missed="26" covered="44"/><counter type="COMPLEXITY" missed="5" covered="28"/><counter type="METHOD" missed="5" covered="28"/><counter type="CLASS" missed="0" covered="4"/></package><package name="tourGuide/user"><class name="tourGuide/user/User" sourcefilename="User.java"><method name="&lt;init&gt;" desc="(Ljava/util/UUID;Ljava/lang/String;Ljava/lang/String;Ljava/lang/String;)V" line="17"><counter type="INSTRUCTION" missed="0" covered="35"/><counter type="LINE" missed="0" covered="10"/><counter type="COMPLEXITY" missed="0" covered="1"/><counter type="METHOD" missed="0" covered="1"/></method><method name="getUserId" desc="()Ljava/util/UUID;" line="29"><counter type="INSTRUCTION" missed="0" covered="3"/><counter type="LINE" missed="0" covered="1"/><counter type="COMPLEXITY" missed="0" covered="1"/><counter type="METHOD" missed="0" covered="1"/></method><method name="getUserName" desc="()Ljava/lang/String;" line="33"><counter type="INSTRUCTION" missed="0" covered="3"/><counter type="LINE" missed="0" covered="1"/><counter type="COMPLEXITY" missed="0" covered="1"/><counter type="METHOD" missed="0" covered="1"/></method><method name="setPhoneNumber" desc="(Ljava/lang/String;)V" line="37"><counter type="INSTRUCTION" missed="4" covered="0"/><counter type="LINE" missed="2" covered="0"/><counter type="COMPLEXITY" missed="1" covered="0"/><counter type="METHOD" missed="1" covered="0"/></method><method name="getPhoneNumber" desc="()Ljava/lang/String;" line="41"><counter type="INSTRUCTION" missed="3" covered="0"/><counter type="LINE" missed="1" covered="0"/><counter type="COMPLEXITY" missed="1" covered="0"/><counter type="METHOD" missed="1" covered="0"/></method><method name="setEmailAddress" desc="(Ljava/lang/String;)V" line="45"><counter type="INSTRUCTION" missed="4" covered="0"/><counter type="LINE" missed="2" covered="0"/><counter type="COMPLEXITY" missed="1" covered="0"/><counter type="METHOD" missed="1" covered="0"/></method><method name="getEmailAddress" desc="()Ljava/lang/String;" line="49"><counter type="INSTRUCTION" missed="3" covered="0"/><counter type="LINE" missed="1" covered="0"/><counter type="COMPLEXITY" missed="1" covered="0"/><counter type="METHOD" missed="1" covered="0"/></method><method name="setLatestLocationTimestamp" desc="(Ljava/util/Date;)V" line="53"><counter type="INSTRUCTION" missed="4" covered="0"/><counter type="LINE" missed="2" covered="0"/><counter type="COMPLEXITY" missed="1" covered="0"/><counter type="METHOD" missed="1" covered="0"/></method><method name="getLatestLocationTimestamp" desc="()Ljava/util/Date;" line="57"><counter type="INSTRUCTION" missed="3" covered="0"/><counter type="LINE" missed="1" covered="0"/><counter type="COMPLEXITY" missed="1" covered="0"/><counter type="METHOD" missed="1" covered="0"/></method><method name="addToVisitedLocations" desc="(LgpsUtil/location/VisitedLocation;)V" line="61"><counter type="INSTRUCTION" missed="0" covered="6"/><counter type="LINE" missed="0" covered="2"/><counter type="COMPLEXITY" missed="0" covered="1"/><counter type="METHOD" missed="0" covered="1"/></method><method name="getVisitedLocations" desc="()Ljava/util/List;" line="65"><counter type="INSTRUCTION" missed="0" covered="3"/><counter type="LINE" missed="0" covered="1"/><counter type="COMPLEXITY" missed="0" covered="1"/><counter type="METHOD" missed="0" covered="1"/></method><method name="clearVisitedLocations" desc="()V" line="69"><counter type="INSTRUCTION" missed="4" covered="0"/><counter type="LINE" missed="2" covered="0"/><counter type="COMPLEXITY" missed="1" covered="0"/><counter type="METHOD" missed="1" covered="0"/></method><method name="addUserReward" desc="(LtourGuide/user/UserReward;)V" line="73"><counter type="INSTRUCTION" missed="16" covered="0"/><counter type="BRANCH" missed="2" covered="0"/><counter type="LINE" missed="3" covered="0"/><counter type="COMPLEXITY" missed="2" covered="0"/><counter type="METHOD" missed="1" covered="0"/></method><method name="setUserRewards" desc="(Ljava/util/List;)V" line="79"><counter type="INSTRUCTION" missed="0" covered="4"/><counter type="LINE" missed="0" covered="2"/><counter type="COMPLEXITY" missed="0" covered="1"/><counter type="METHOD" missed="0" covered="1"/></method><method name="getUserRewards" desc="()Ljava/util/List;" line="83"><counter type="INSTRUCTION" missed="0" covered="3"/><counter type="LINE" missed="0" covered="1"/><counter type="COMPLEXITY" missed="0" covered="1"/><counter type="METHOD" missed="0" covered="1"/></method><method name="getUserPreferences" desc="()LtourGuide/user/UserPreferences;" line="87"><counter type="INSTRUCTION" missed="0" covered="3"/><counter type="LINE" missed="0" covered="1"/><counter type="COMPLEXITY" missed="0" covered="1"/><counter type="METHOD" missed="0" covered="1"/></method><method name="setUserPreferences" desc="(LtourGuide/user/UserPreferences;)V" line="91"><counter type="INSTRUCTION" missed="4" covered="0"/><counter type="LINE" missed="2" covered="0"/><counter type="COMPLEXITY" missed="1" covered="0"/><counter type="METHOD" missed="1" covered="0"/></method><method name="getLastVisitedLocation" desc="()LgpsUtil/location/VisitedLocation;" line="95"><counter type="INSTRUCTION" missed="10" covered="0"/><counter type="LINE" missed="1" covered="0"/><counter type="COMPLEXITY" missed="1" covered="0"/><counter type="METHOD" missed="1" covered="0"/></method><method name="setTripDeals" desc="(Ljava/util/List;)V" line="99"><counter type="INSTRUCTION" missed="0" covered="4"/><counter type="LINE" missed="0" covered="2"/><counter type="COMPLEXITY" missed="0" covered="1"/><counter type="METHOD" missed="0" covered="1"/></method><method name="getTripDeals" desc="()Ljava/util/List;" line="103"><counter type="INSTRUCTION" missed="3" covered="0"/><counter type="LINE" missed="1" covered="0"/><counter type="COMPLEXITY" missed="1" covered="0"/><counter type="METHOD" missed="1" covered="0"/></method><method name="lambda$addUserReward$0" desc="(LtourGuide/user/UserReward;LtourGuide/user/UserReward;)Z" line="73"><counter type="INSTRUCTION" missed="11" covered="0"/><counter type="BRANCH" missed="2" covered="0"/><counter type="LINE" missed="1" covered="0"/><counter type="COMPLEXITY" missed="2" covered="0"/><counter type="METHOD" missed="1" covered="0"/></method><counter type="INSTRUCTION" missed="69" covered="64"/><counter type="BRANCH" missed="4" covered="0"/><counter type="LINE" missed="18" covered="21"/><counter type="COMPLEXITY" missed="14" covered="9"/><counter type="METHOD" missed="12" covered="9"/><counter type="CLASS" missed="0" covered="1"/></class><class name="tourGuide/user/UserReward" sourcefilename="UserReward.java"><method name="&lt;init&gt;" desc="(LgpsUtil/location/VisitedLocation;LgpsUtil/location/Attraction;I)V" line="11"><counter type="INSTRUCTION" missed="12" covered="0"/><counter type="LINE" missed="5" covered="0"/><counter type="COMPLEXITY" missed="1" covered="0"/><counter type="METHOD" missed="1" covered="0"/></method><method name="&lt;init&gt;" desc="()V" line="17"><counter type="INSTRUCTION" missed="0" covered="3"/><counter type="LINE" missed="0" covered="2"/><counter type="COMPLEXITY" missed="0" covered="1"/><counter type="METHOD" missed="0" covered="1"/></method><method name="&lt;init&gt;" desc="(LgpsUtil/location/VisitedLocation;LgpsUtil/location/Attraction;)V" line="20"><counter type="INSTRUCTION" missed="9" covered="0"/><counter type="LINE" missed="4" covered="0"/><counter type="COMPLEXITY" missed="1" covered="0"/><counter type="METHOD" missed="1" covered="0"/></method><method name="setRewardPoints" desc="(I)V" line="26"><counter type="INSTRUCTION" missed="4" covered="0"/><counter type="LINE" missed="2" covered="0"/><counter type="COMPLEXITY" missed="1" covered="0"/><counter type="METHOD" missed="1" covered="0"/></method><method name="getRewardPoints" desc="()I" line="30"><counter type="INSTRUCTION" missed="3" covered="0"/><counter type="LINE" missed="1" covered="0"/><counter type="COMPLEXITY" missed="1" covered="0"/><counter type="METHOD" missed="1" covered="0"/></method><counter type="INSTRUCTION" missed="28" covered="3"/><counter type="LINE" missed="12" covered="2"/><counter type="COMPLEXITY" missed="4" covered="1"/><counter type="METHOD" missed="4" covered="1"/><counter type="CLASS" missed="0" covered="1"/></class><class name="tourGuide/user/UserPreferences" sourcefilename="UserPreferences.java"><method name="&lt;init&gt;" desc="()V" line="11"><counter type="INSTRUCTION" missed="0" covered="38"/><counter type="LINE" missed="0" covered="10"/><counter type="COMPLEXITY" missed="0" covered="1"/><counter type="METHOD" missed="0" covered="1"/></method><method name="setAttractionProximity" desc="(I)V" line="24"><counter type="INSTRUCTION" missed="4" covered="0"/><counter type="LINE" missed="2" covered="0"/><counter type="COMPLEXITY" missed="1" covered="0"/><counter type="METHOD" missed="1" covered="0"/></method><method name="getAttractionProximity" desc="()I" line="28"><counter type="INSTRUCTION" missed="3" covered="0"/><counter type="LINE" missed="1" covered="0"/><counter type="COMPLEXITY" missed="1" covered="0"/><counter type="METHOD" missed="1" covered="0"/></method><method name="getLowerPricePoint" desc="()Lorg/javamoney/moneta/Money;" line="32"><counter type="INSTRUCTION" missed="3" covered="0"/><counter type="LINE" missed="1" covered="0"/><counter type="COMPLEXITY" missed="1" covered="0"/><counter type="METHOD" missed="1" covered="0"/></method><method name="setLowerPricePoint" desc="(Lorg/javamoney/moneta/Money;)V" line="36"><counter type="INSTRUCTION" missed="4" covered="0"/><counter type="LINE" missed="2" covered="0"/><counter type="COMPLEXITY" missed="1" covered="0"/><counter type="METHOD" missed="1" covered="0"/></method><method name="getHighPricePoint" desc="()Lorg/javamoney/moneta/Money;" line="40"><counter type="INSTRUCTION" missed="3" covered="0"/><counter type="LINE" missed="1" covered="0"/><counter type="COMPLEXITY" missed="1" covered="0"/><counter type="METHOD" missed="1" covered="0"/></method><method name="setHighPricePoint" desc="(Lorg/javamoney/moneta/Money;)V" line="44"><counter type="INSTRUCTION" missed="4" covered="0"/><counter type="LINE" missed="2" covered="0"/><counter type="COMPLEXITY" missed="1" covered="0"/><counter type="METHOD" missed="1" covered="0"/></method><method name="getTripDuration" desc="()I" line="48"><counter type="INSTRUCTION" missed="0" covered="3"/><counter type="LINE" missed="0" covered="1"/><counter type="COMPLEXITY" missed="0" covered="1"/><counter type="METHOD" missed="0" covered="1"/></method><method name="setTripDuration" desc="(I)V" line="52"><counter type="INSTRUCTION" missed="4" covered="0"/><counter type="LINE" missed="2" covered="0"/><counter type="COMPLEXITY" missed="1" covered="0"/><counter type="METHOD" missed="1" covered="0"/></method><method name="getTicketQuantity" desc="()I" line="56"><counter type="INSTRUCTION" missed="3" covered="0"/><counter type="LINE" missed="1" covered="0"/><counter type="COMPLEXITY" missed="1" covered="0"/><counter type="METHOD" missed="1" covered="0"/></method><method name="setTicketQuantity" desc="(I)V" line="60"><counter type="INSTRUCTION" missed="4" covered="0"/><counter type="LINE" missed="2" covered="0"/><counter type="COMPLEXITY" missed="1" covered="0"/><counter type="METHOD" missed="1" covered="0"/></method><method name="getNumberOfAdults" desc="()I" line="64"><counter type="INSTRUCTION" missed="0" covered="3"/><counter type="LINE" missed="0" covered="1"/><counter type="COMPLEXITY" missed="0" covered="1"/><counter type="METHOD" missed="0" covered="1"/></method><method name="setNumberOfAdults" desc="(I)V" line="68"><counter type="INSTRUCTION" missed="4" covered="0"/><counter type="LINE" missed="2" covered="0"/><counter type="COMPLEXITY" missed="1" covered="0"/><counter type="METHOD" missed="1" covered="0"/></method><method name="getNumberOfChildren" desc="()I" line="72"><counter type="INSTRUCTION" missed="0" covered="3"/><counter type="LINE" missed="0" covered="1"/><counter type="COMPLEXITY" missed="0" covered="1"/><counter type="METHOD" missed="0" covered="1"/></method><method name="setNumberOfChildren" desc="(I)V" line="76"><counter type="INSTRUCTION" missed="4" covered="0"/><counter type="LINE" missed="2" covered="0"/><counter type="COMPLEXITY" missed="1" covered="0"/><counter type="METHOD" missed="1" covered="0"/></method><counter type="INSTRUCTION" missed="40" covered="47"/><counter type="LINE" missed="18" covered="13"/><counter type="COMPLEXITY" missed="11" covered="4"/><counter type="METHOD" missed="11" covered="4"/><counter type="CLASS" missed="0" covered="1"/></class><sourcefile name="UserPreferences.java"><line nr="11" mi="0" ci="3" mb="0" cb="0"/><line nr="12" mi="0" ci="6" mb="0" cb="0"/><line nr="13" mi="0" ci="7" mb="0" cb="0"/><line nr="14" mi="0" ci="7" mb="0" cb="0"/><line nr="15" mi="0" ci="3" mb="0" cb="0"/><line nr="16" mi="0" ci="3" mb="0" cb="0"/><line nr="17" mi="0" ci="3" mb="0" cb="0"/><line nr="18" mi="0" ci="3" mb="0" cb="0"/><line nr="20" mi="0" ci="2" mb="0" cb="0"/><line nr="21" mi="0" ci="1" mb="0" cb="0"/><line nr="24" mi="3" ci="0" mb="0" cb="0"/><line nr="25" mi="1" ci="0" mb="0" cb="0"/><line nr="28" mi="3" ci="0" mb="0" cb="0"/><line nr="32" mi="3" ci="0" mb="0" cb="0"/><line nr="36" mi="3" ci="0" mb="0" cb="0"/><line nr="37" mi="1" ci="0" mb="0" cb="0"/><line nr="40" mi="3" ci="0" mb="0" cb="0"/><line nr="44" mi="3" ci="0" mb="0" cb="0"/><line nr="45" mi="1" ci="0" mb="0" cb="0"/><line nr="48" mi="0" ci="3" mb="0" cb="0"/><line nr="52" mi="3" ci="0" mb="0" cb="0"/><line nr="53" mi="1" ci="0" mb="0" cb="0"/><line nr="56" mi="3" ci="0" mb="0" cb="0"/><line nr="60" mi="3" ci="0" mb="0" cb="0"/><line nr="61" mi="1" ci="0" mb="0" cb="0"/><line nr="64" mi="0" ci="3" mb="0" cb="0"/><line nr="68" mi="3" ci="0" mb="0" cb="0"/><line nr="69" mi="1" ci="0" mb="0" cb="0"/><line nr="72" mi="0" ci="3" mb="0" cb="0"/><line nr="76" mi="3" ci="0" mb="0" cb="0"/><line nr="77" mi="1" ci="0" mb="0" cb="0"/><counter type="INSTRUCTION" missed="40" covered="47"/><counter type="LINE" missed="18" covered="13"/><counter type="COMPLEXITY" missed="11" covered="4"/><counter type="METHOD" missed="11" covered="4"/><counter type="CLASS" missed="0" covered="1"/></sourcefile><sourcefile name="UserReward.java"><line nr="11" mi="2" ci="0" mb="0" cb="0"/><line nr="12" mi="3" ci="0" mb="0" cb="0"/><line nr="13" mi="3" ci="0" mb="0" cb="0"/><line nr="14" mi="3" ci="0" mb="0" cb="0"/><line nr="15" mi="1" ci="0" mb="0" cb="0"/><line nr="17" mi="0" ci="2" mb="0" cb="0"/><line nr="18" mi="0" ci="1" mb="0" cb="0"/><line nr="20" mi="2" ci="0" mb="0" cb="0"/><line nr="21" mi="3" ci="0" mb="0" cb="0"/><line nr="22" mi="3" ci="0" mb="0" cb="0"/><line nr="23" mi="1" ci="0" mb="0" cb="0"/><line nr="26" mi="3" ci="0" mb="0" cb="0"/><line nr="27" mi="1" ci="0" mb="0" cb="0"/><line nr="30" mi="3" ci="0" mb="0" cb="0"/><counter type="INSTRUCTION" missed="28" covered="3"/><counter type="LINE" missed="12" covered="2"/><counter type="COMPLEXITY" missed="4" covered="1"/><counter type="METHOD" missed="4" covered="1"/><counter type="CLASS" missed="0" covered="1"/></sourcefile><sourcefile name="User.java"><line nr="17" mi="0" ci="5" mb="0" cb="0"/><line nr="18" mi="0" ci="5" mb="0" cb="0"/><line nr="19" mi="0" ci="5" mb="0" cb="0"/><line nr="20" mi="0" ci="5" mb="0" cb="0"/><line nr="21" mi="0" ci="2" mb="0" cb="0"/><line nr="22" mi="0" ci="3" mb="0" cb="0"/><line nr="23" mi="0" ci="3" mb="0" cb="0"/><line nr="24" mi="0" ci="3" mb="0" cb="0"/><line nr="25" mi="0" ci="3" mb="0" cb="0"/><line nr="26" mi="0" ci="1" mb="0" cb="0"/><line nr="29" mi="0" ci="3" mb="0" cb="0"/><line nr="33" mi="0" ci="3" mb="0" cb="0"/><line nr="37" mi="3" ci="0" mb="0" cb="0"/><line nr="38" mi="1" ci="0" mb="0" cb="0"/><line nr="41" mi="3" ci="0" mb="0" cb="0"/><line nr="45" mi="3" ci="0" mb="0" cb="0"/><line nr="46" mi="1" ci="0" mb="0" cb="0"/><line nr="49" mi="3" ci="0" mb="0" cb="0"/><line nr="53" mi="3" ci="0" mb="0" cb="0"/><line nr="54" mi="1" ci="0" mb="0" cb="0"/><line nr="57" mi="3" ci="0" mb="0" cb="0"/><line nr="61" mi="0" ci="5" mb="0" cb="0"/><line nr="62" mi="0" ci="1" mb="0" cb="0"/><line nr="65" mi="0" ci="3" mb="0" cb="0"/><line nr="69" mi="3" ci="0" mb="0" cb="0"/><line nr="70" mi="1" ci="0" mb="0" cb="0"/><line nr="73" mi="21" ci="0" mb="4" cb="0"/><line nr="74" mi="5" ci="0" mb="0" cb="0"/><line nr="76" mi="1" ci="0" mb="0" cb="0"/><line nr="79" mi="0" ci="3" mb="0" cb="0"/><line nr="80" mi="0" ci="1" mb="0" cb="0"/><line nr="83" mi="0" ci="3" mb="0" cb="0"/><line nr="87" mi="0" ci="3" mb="0" cb="0"/><line nr="91" mi="3" ci="0" mb="0" cb="0"/><line nr="92" mi="1" ci="0" mb="0" cb="0"/><line nr="95" mi="10" ci="0" mb="0" cb="0"/><line nr="99" mi="0" ci="3" mb="0" cb="0"/><line nr="100" mi="0" ci="1" mb="0" cb="0"/><line nr="103" mi="3" ci="0" mb="0" cb="0"/><counter type="INSTRUCTION" missed="69" covered="64"/><counter type="BRANCH" missed="4" covered="0"/><counter type="LINE" missed="18" covered="21"/><counter type="COMPLEXITY" missed="14" covered="9"/><counter type="METHOD" missed="12" covered="9"/><counter type="CLASS" missed="0" covered="1"/></sourcefile><counter type="INSTRUCTION" missed="137" covered="114"/><counter type="BRANCH" missed="4" covered="0"/><counter type="LINE" missed="48" covered="36"/><counter type="COMPLEXITY" missed="29" covered="14"/><counter type="METHOD" missed="27" covered="14"/><counter type="CLASS" missed="0" covered="3"/></package><counter type="INSTRUCTION" missed="428" covered="873"/><counter type="BRANCH" missed="19" covered="9"/><counter type="LINE" missed="121" covered="224"/><counter type="COMPLEXITY" missed="58" covered="89"/><counter type="METHOD" missed="46" covered="87"/><counter type="CLASS" missed="0" covered="18"/></report>